08.12.2021 - 16:51:50 - [TAB v2.9.2 Premium] Something just tried to add player AllanDev into team RED
08.12.2021 - 16:51:57 - [TAB v2.9.2 Premium] Something just tried to add player AllanStrat into team PINK
08.12.2021 - 17:58:04 - [TAB v2.9.2 Premium] Something just tried to add player AllanStrat into team RED
08.12.2021 - 17:58:04 - [TAB v2.9.2 Premium] Something just tried to add player AllanDev into team GRAY
05.01.2022 - 16:59:25 - [TAB v2.9.2 Premium] Something just tried to add player AllanDev into team RED
05.01.2022 - 16:59:28 - [TAB v2.9.2 Premium] Something just tried to add player AllanStrat into team BLUE
05.01.2022 - 16:59:31 - [TAB v2.9.2 Premium] Something just tried to register objective "sba-tab" in position 0 (playerlist)
05.01.2022 - 16:59:31 - [TAB v2.9.2 Premium] Something just tried to register objective "sba-tag" in position 2 (belowname)
05.01.2022 - 16:59:31 - [TAB v2.9.2 Premium] Something just tried to register objective "sba-tab" in position 0 (playerlist)
05.01.2022 - 16:59:31 - [TAB v2.9.2 Premium] Something just tried to register objective "sba-tag" in position 2 (belowname)
05.01.2022 - 16:59:31 - [TAB v2.9.2 Premium] Something just tried to add player AllanDev into team RED
05.01.2022 - 16:59:31 - [TAB v2.9.2 Premium] Something just tried to add player AllanStrat into team BLUE
05.01.2022 - 16:59:31 - [TAB v2.9.2 Premium] Something just tried to add player AllanDev into team RED
05.01.2022 - 16:59:31 - [TAB v2.9.2 Premium] Something just tried to add player AllanStrat into team BLUE
05.01.2022 - 17:41:51 - [TAB v2.9.2 Premium] Something just tried to register objective "sba-tab" in position 0 (playerlist)
05.01.2022 - 17:41:51 - [TAB v2.9.2 Premium] Something just tried to register objective "sba-tag" in position 2 (belowname)
05.01.2022 - 17:41:51 - [TAB v2.9.2 Premium] Something just tried to register objective "sba-tab" in position 0 (playerlist)
05.01.2022 - 17:41:51 - [TAB v2.9.2 Premium] Something just tried to register objective "sba-tag" in position 2 (belowname)
05.01.2022 - 17:41:51 - [TAB v2.9.2 Premium] Something just tried to add player AllanDev into team RED
05.01.2022 - 17:41:51 - [TAB v2.9.2 Premium] Something just tried to add player AllanStrat into team GRAY
05.01.2022 - 17:41:51 - [TAB v2.9.2 Premium] Something just tried to add player AllanDev into team RED
05.01.2022 - 17:41:51 - [TAB v2.9.2 Premium] Something just tried to add player AllanStrat into team GRAY
05.01.2022 - 18:22:04 - [TAB v2.9.2 Premium] Something just tried to register objective "sba-tab" in position 0 (playerlist)
05.01.2022 - 18:22:04 - [TAB v2.9.2 Premium] Something just tried to register objective "sba-tag" in position 2 (belowname)
05.01.2022 - 18:22:04 - [TAB v2.9.2 Premium] Something just tried to register objective "sba-tab" in position 0 (playerlist)
05.01.2022 - 18:22:04 - [TAB v2.9.2 Premium] Something just tried to register objective "sba-tag" in position 2 (belowname)
05.01.2022 - 18:22:04 - [TAB v2.9.2 Premium] Something just tried to add player AllanStrat into team RED
05.01.2022 - 18:22:04 - [TAB v2.9.2 Premium] Something just tried to add player AllanDev into team GRAY
05.01.2022 - 18:22:04 - [TAB v2.9.2 Premium] Something just tried to add player AllanStrat into team RED
05.01.2022 - 18:22:04 - [TAB v2.9.2 Premium] Something just tried to add player AllanDev into team GRAY
12.01.2022 - 13:24:18 - [TAB v2.9.2 Premium] Something just tried to register objective "sba-tab" in position 0 (playerlist)
12.01.2022 - 13:24:18 - [TAB v2.9.2 Premium] Something just tried to register objective "sba-tag" in position 2 (belowname)
12.01.2022 - 13:24:18 - [TAB v2.9.2 Premium] Something just tried to register objective "sba-tab" in position 0 (playerlist)
12.01.2022 - 13:24:18 - [TAB v2.9.2 Premium] Something just tried to register objective "sba-tag" in position 2 (belowname)
12.01.2022 - 13:24:18 - [TAB v2.9.2 Premium] Something just tried to add player AllanDev into team RED
12.01.2022 - 13:24:18 - [TAB v2.9.2 Premium] Something just tried to add player AllanStrat into team GRAY
12.01.2022 - 13:24:18 - [TAB v2.9.2 Premium] Something just tried to add player AllanDev into team RED
12.01.2022 - 13:24:18 - [TAB v2.9.2 Premium] Something just tried to add player AllanStrat into team GRAY
12.01.2022 - 13:47:18 - [TAB v2.9.2 Premium] Something just tried to register objective "sba-tab" in position 0 (playerlist)
12.01.2022 - 13:47:18 - [TAB v2.9.2 Premium] Something just tried to register objective "sba-tag" in position 2 (belowname)
12.01.2022 - 13:47:18 - [TAB v2.9.2 Premium] Something just tried to register objective "sba-tab" in position 0 (playerlist)
12.01.2022 - 13:47:18 - [TAB v2.9.2 Premium] Something just tried to register objective "sba-tag" in position 2 (belowname)
12.01.2022 - 13:47:18 - [TAB v2.9.2 Premium] Something just tried to add player AllanDev into team RED
12.01.2022 - 13:47:18 - [TAB v2.9.2 Premium] Something just tried to add player AllanStrat into team GRAY
12.01.2022 - 13:47:18 - [TAB v2.9.2 Premium] Something just tried to add player AllanDev into team RED
12.01.2022 - 13:47:18 - [TAB v2.9.2 Premium] Something just tried to add player AllanStrat into team GRAY
12.01.2022 - 14:10:26 - [TAB v2.9.2 Premium] Something just tried to register objective "sba-tab" in position 0 (playerlist)
12.01.2022 - 14:10:26 - [TAB v2.9.2 Premium] Something just tried to register objective "sba-tag" in position 2 (belowname)
12.01.2022 - 14:10:26 - [TAB v2.9.2 Premium] Something just tried to register objective "sba-tab" in position 0 (playerlist)
12.01.2022 - 14:10:26 - [TAB v2.9.2 Premium] Something just tried to register objective "sba-tag" in position 2 (belowname)
12.01.2022 - 14:10:26 - [TAB v2.9.2 Premium] Something just tried to add player AllanStrat into team RED
12.01.2022 - 14:10:26 - [TAB v2.9.2 Premium] Something just tried to add player AllanDev into team GRAY
12.01.2022 - 14:10:26 - [TAB v2.9.2 Premium] Something just tried to add player AllanStrat into team RED
12.01.2022 - 14:10:26 - [TAB v2.9.2 Premium] Something just tried to add player AllanDev into team GRAY
12.01.2022 - 15:47:36 - [TAB v2.9.2 Premium] Something just tried to register objective "sba-tab" in position 0 (playerlist)
12.01.2022 - 15:47:36 - [TAB v2.9.2 Premium] Something just tried to register objective "sba-tag" in position 2 (belowname)
12.01.2022 - 15:47:36 - [TAB v2.9.2 Premium] Something just tried to register objective "sba-tab" in position 0 (playerlist)
12.01.2022 - 15:47:36 - [TAB v2.9.2 Premium] Something just tried to register objective "sba-tag" in position 2 (belowname)
12.01.2022 - 15:47:36 - [TAB v2.9.2 Premium] Something just tried to add player AllanDev into team RED
12.01.2022 - 15:47:36 - [TAB v2.9.2 Premium] Something just tried to add player AllanStrat into team GRAY
12.01.2022 - 16:20:24 - [TAB v2.9.2 Premium] Something just tried to register objective "sba-tab" in position 0 (playerlist)
12.01.2022 - 16:20:24 - [TAB v2.9.2 Premium] Something just tried to register objective "sba-tag" in position 2 (belowname)
12.01.2022 - 16:20:24 - [TAB v2.9.2 Premium] Something just tried to register objective "sba-tab" in position 0 (playerlist)
12.01.2022 - 16:20:24 - [TAB v2.9.2 Premium] Something just tried to register objective "sba-tag" in position 2 (belowname)
12.01.2022 - 16:20:24 - [TAB v2.9.2 Premium] Something just tried to add player AllanStrat into team RED
12.01.2022 - 16:20:24 - [TAB v2.9.2 Premium] Something just tried to add player AllanDev into team GRAY
12.01.2022 - 16:20:24 - [TAB v2.9.2 Premium] Something just tried to add player AllanStrat into team RED
12.01.2022 - 16:20:24 - [TAB v2.9.2 Premium] Something just tried to add player AllanDev into team GRAY
12.01.2022 - 16:26:39 - [TAB v2.9.2 Premium] Something just tried to register objective "sba-tab" in position 0 (playerlist)
12.01.2022 - 16:26:39 - [TAB v2.9.2 Premium] Something just tried to register objective "sba-tag" in position 2 (belowname)
12.01.2022 - 16:26:39 - [TAB v2.9.2 Premium] Something just tried to register objective "sba-tab" in position 0 (playerlist)
12.01.2022 - 16:26:39 - [TAB v2.9.2 Premium] Something just tried to register objective "sba-tag" in position 2 (belowname)
12.01.2022 - 16:26:39 - [TAB v2.9.2 Premium] Something just tried to add player AllanStrat into team RED
12.01.2022 - 16:26:39 - [TAB v2.9.2 Premium] Something just tried to add player AllanDev into team GRAY
12.01.2022 - 16:31:22 - [TAB v2.9.2 Premium] Something just tried to register objective "sba-tab" in position 0 (playerlist)
12.01.2022 - 16:31:22 - [TAB v2.9.2 Premium] Something just tried to register objective "sba-tag" in position 2 (belowname)
12.01.2022 - 16:31:22 - [TAB v2.9.2 Premium] Something just tried to register objective "sba-tab" in position 0 (playerlist)
12.01.2022 - 16:31:22 - [TAB v2.9.2 Premium] Something just tried to register objective "sba-tag" in position 2 (belowname)
12.01.2022 - 16:31:22 - [TAB v2.9.2 Premium] Something just tried to add player AllanStrat into team RED
12.01.2022 - 16:31:22 - [TAB v2.9.2 Premium] Something just tried to add player AllanDev into team GRAY
12.01.2022 - 16:31:22 - [TAB v2.9.2 Premium] Something just tried to add player AllanStrat into team RED
12.01.2022 - 16:31:22 - [TAB v2.9.2 Premium] Something just tried to add player AllanDev into team GRAY
12.01.2022 - 17:58:02 - [TAB v2.9.2 Premium] Something just tried to register objective "sba-tab" in position 0 (playerlist)
12.01.2022 - 17:58:02 - [TAB v2.9.2 Premium] Something just tried to register objective "sba-tag" in position 2 (belowname)
12.01.2022 - 17:58:02 - [TAB v2.9.2 Premium] Something just tried to register objective "sba-tab" in position 0 (playerlist)
12.01.2022 - 17:58:02 - [TAB v2.9.2 Premium] Something just tried to register objective "sba-tag" in position 2 (belowname)
12.01.2022 - 17:58:02 - [TAB v2.9.2 Premium] Something just tried to add player AllanStrat into team RED
12.01.2022 - 17:58:02 - [TAB v2.9.2 Premium] Something just tried to add player AllanDev into team GRAY
12.01.2022 - 17:58:02 - [TAB v2.9.2 Premium] Something just tried to add player AllanStrat into team RED
12.01.2022 - 17:58:02 - [TAB v2.9.2 Premium] Something just tried to add player AllanDev into team GRAY
12.01.2022 - 18:09:30 - [TAB v2.9.2 Premium] Something just tried to register objective "sba-tab" in position 0 (playerlist)
12.01.2022 - 18:09:30 - [TAB v2.9.2 Premium] Something just tried to register objective "sba-tag" in position 2 (belowname)
12.01.2022 - 18:09:30 - [TAB v2.9.2 Premium] Something just tried to register objective "sba-tab" in position 0 (playerlist)
12.01.2022 - 18:09:30 - [TAB v2.9.2 Premium] Something just tried to register objective "sba-tag" in position 2 (belowname)
12.01.2022 - 18:09:30 - [TAB v2.9.2 Premium] Something just tried to add player AllanDev into team RED
12.01.2022 - 18:09:30 - [TAB v2.9.2 Premium] Something just tried to add player AllanStrat into team GRAY
12.01.2022 - 18:14:07 - [TAB v2.9.2 Premium] Something just tried to register objective "sba-tab" in position 0 (playerlist)
12.01.2022 - 18:14:07 - [TAB v2.9.2 Premium] Something just tried to register objective "sba-tag" in position 2 (belowname)
12.01.2022 - 18:14:07 - [TAB v2.9.2 Premium] Something just tried to register objective "sba-tab" in position 0 (playerlist)
12.01.2022 - 18:14:07 - [TAB v2.9.2 Premium] Something just tried to register objective "sba-tag" in position 2 (belowname)
12.01.2022 - 18:14:07 - [TAB v2.9.2 Premium] Something just tried to add player AllanStrat into team RED
12.01.2022 - 18:14:07 - [TAB v2.9.2 Premium] Something just tried to add player AllanDev into team GRAY
12.01.2022 - 18:16:28 - [TAB v2.9.2 Premium] Something just tried to register objective "sba-tab" in position 0 (playerlist)
12.01.2022 - 18:16:28 - [TAB v2.9.2 Premium] Something just tried to register objective "sba-tab" in position 0 (playerlist)
12.01.2022 - 18:16:28 - [TAB v2.9.2 Premium] Something just tried to register objective "sba-tag" in position 2 (belowname)
12.01.2022 - 18:16:28 - [TAB v2.9.2 Premium] Something just tried to register objective "sba-tag" in position 2 (belowname)
12.01.2022 - 18:16:28 - [TAB v2.9.2 Premium] Something just tried to add player AllanStrat into team RED
12.01.2022 - 18:16:28 - [TAB v2.9.2 Premium] Something just tried to add player AllanDev into team GRAY
12.01.2022 - 18:21:18 - [TAB v2.9.2 Premium] Something just tried to register objective "sba-tab" in position 0 (playerlist)
12.01.2022 - 18:21:18 - [TAB v2.9.2 Premium] Something just tried to register objective "sba-tag" in position 2 (belowname)
12.01.2022 - 18:21:18 - [TAB v2.9.2 Premium] Something just tried to register objective "sba-tab" in position 0 (playerlist)
12.01.2022 - 18:21:18 - [TAB v2.9.2 Premium] Something just tried to register objective "sba-tag" in position 2 (belowname)
12.01.2022 - 18:21:18 - [TAB v2.9.2 Premium] Something just tried to add player AllanStrat into team RED
12.01.2022 - 18:21:18 - [TAB v2.9.2 Premium] Something just tried to add player AllanDev into team GRAY
12.01.2022 - 18:21:18 - [TAB v2.9.2 Premium] Something just tried to add player AllanStrat into team RED
12.01.2022 - 18:21:18 - [TAB v2.9.2 Premium] Something just tried to add player AllanDev into team GRAY
12.01.2022 - 18:23:20 - [TAB v2.9.2 Premium] Something just tried to register objective "sba-tab" in position 0 (playerlist)
12.01.2022 - 18:23:20 - [TAB v2.9.2 Premium] Something just tried to register objective "sba-tag" in position 2 (belowname)
12.01.2022 - 18:23:20 - [TAB v2.9.2 Premium] Something just tried to register objective "sba-tab" in position 0 (playerlist)
12.01.2022 - 18:23:20 - [TAB v2.9.2 Premium] Something just tried to register objective "sba-tag" in position 2 (belowname)
12.01.2022 - 18:23:20 - [TAB v2.9.2 Premium] Something just tried to add player AllanStrat into team RED
12.01.2022 - 18:23:20 - [TAB v2.9.2 Premium] Something just tried to add player AllanDev into team GRAY
12.01.2022 - 18:23:20 - [TAB v2.9.2 Premium] Something just tried to add player AllanStrat into team RED
12.01.2022 - 18:23:20 - [TAB v2.9.2 Premium] Something just tried to add player AllanDev into team GRAY
12.01.2022 - 18:54:58 - [TAB v2.9.2 Premium] Something just tried to register objective "sba-tab" in position 0 (playerlist)
12.01.2022 - 18:54:58 - [TAB v2.9.2 Premium] Something just tried to register objective "sba-tag" in position 2 (belowname)
12.01.2022 - 18:54:58 - [TAB v2.9.2 Premium] Something just tried to register objective "sba-tab" in position 0 (playerlist)
12.01.2022 - 18:54:58 - [TAB v2.9.2 Premium] Something just tried to register objective "sba-tag" in position 2 (belowname)
12.01.2022 - 18:54:58 - [TAB v2.9.2 Premium] Something just tried to add player AllanDev into team RED
12.01.2022 - 18:54:58 - [TAB v2.9.2 Premium] Something just tried to add player AllanStrat into team PINK
12.01.2022 - 18:54:58 - [TAB v2.9.2 Premium] Something just tried to add player AllanDev into team RED
12.01.2022 - 18:54:58 - [TAB v2.9.2 Premium] Something just tried to add player AllanStrat into team PINK
12.01.2022 - 20:12:20 - [TAB v2.9.2 Premium] Something just tried to register objective "sba-tab" in position 0 (playerlist)
12.01.2022 - 20:12:20 - [TAB v2.9.2 Premium] Something just tried to register objective "sba-tag" in position 2 (belowname)
12.01.2022 - 20:12:20 - [TAB v2.9.2 Premium] Something just tried to register objective "sba-tab" in position 0 (playerlist)
12.01.2022 - 20:12:20 - [TAB v2.9.2 Premium] Something just tried to register objective "sba-tag" in position 2 (belowname)
12.01.2022 - 20:12:20 - [TAB v2.9.2 Premium] Something just tried to add player AllanStrat into team RED
12.01.2022 - 20:12:20 - [TAB v2.9.2 Premium] Something just tried to add player AllanDev into team GRAY
12.01.2022 - 20:12:20 - [TAB v2.9.2 Premium] Something just tried to add player AllanStrat into team RED
12.01.2022 - 20:12:20 - [TAB v2.9.2 Premium] Something just tried to add player AllanDev into team GRAY
12.01.2022 - 20:14:22 - [TAB v2.9.2 Premium] Something just tried to register objective "sba-tab" in position 0 (playerlist)
12.01.2022 - 20:14:22 - [TAB v2.9.2 Premium] Something just tried to register objective "sba-tag" in position 2 (belowname)
12.01.2022 - 20:14:22 - [TAB v2.9.2 Premium] Something just tried to register objective "sba-tab" in position 0 (playerlist)
12.01.2022 - 20:14:22 - [TAB v2.9.2 Premium] Something just tried to register objective "sba-tag" in position 2 (belowname)
12.01.2022 - 20:14:22 - [TAB v2.9.2 Premium] Something just tried to add player AllanDev into team RED
12.01.2022 - 20:14:22 - [TAB v2.9.2 Premium] Something just tried to add player AllanStrat into team GRAY
12.01.2022 - 20:14:22 - [TAB v2.9.2 Premium] Something just tried to add player AllanDev into team RED
12.01.2022 - 20:14:22 - [TAB v2.9.2 Premium] Something just tried to add player AllanStrat into team GRAY
12.01.2022 - 20:16:37 - [TAB v2.9.2 Premium] Something just tried to register objective "sba-tab" in position 0 (playerlist)
12.01.2022 - 20:16:37 - [TAB v2.9.2 Premium] Something just tried to register objective "sba-tag" in position 2 (belowname)
12.01.2022 - 20:16:37 - [TAB v2.9.2 Premium] Something just tried to register objective "sba-tab" in position 0 (playerlist)
12.01.2022 - 20:16:37 - [TAB v2.9.2 Premium] Something just tried to register objective "sba-tag" in position 2 (belowname)
12.01.2022 - 20:16:37 - [TAB v2.9.2 Premium] Something just tried to add player AllanDev into team RED
12.01.2022 - 20:16:37 - [TAB v2.9.2 Premium] Something just tried to add player AllanStrat into team GRAY
12.01.2022 - 20:16:37 - [TAB v2.9.2 Premium] Something just tried to add player AllanDev into team RED
12.01.2022 - 20:16:37 - [TAB v2.9.2 Premium] Something just tried to add player AllanStrat into team GRAY
12.01.2022 - 20:19:38 - [TAB v2.9.2 Premium] Something just tried to register objective "sba-tab" in position 0 (playerlist)
12.01.2022 - 20:19:38 - [TAB v2.9.2 Premium] Something just tried to register objective "sba-tag" in position 2 (belowname)
12.01.2022 - 20:19:38 - [TAB v2.9.2 Premium] Something just tried to register objective "sba-tab" in position 0 (playerlist)
12.01.2022 - 20:19:38 - [TAB v2.9.2 Premium] Something just tried to register objective "sba-tag" in position 2 (belowname)
12.01.2022 - 20:19:38 - [TAB v2.9.2 Premium] Something just tried to add player AllanStrat into team RED
12.01.2022 - 20:19:38 - [TAB v2.9.2 Premium] Something just tried to add player AllanDev into team GRAY
12.01.2022 - 20:19:38 - [TAB v2.9.2 Premium] Something just tried to add player AllanStrat into team RED
12.01.2022 - 20:19:38 - [TAB v2.9.2 Premium] Something just tried to add player AllanDev into team GRAY
12.01.2022 - 20:25:05 - [TAB v2.9.2 Premium] Something just tried to add player AllanDev into team CYAN
12.01.2022 - 20:29:59 - [TAB v2.9.2 Premium] Something just tried to register objective "sba-tab" in position 0 (playerlist)
12.01.2022 - 20:29:59 - [TAB v2.9.2 Premium] Something just tried to register objective "sba-tag" in position 2 (belowname)
12.01.2022 - 20:29:59 - [TAB v2.9.2 Premium] Something just tried to register objective "sba-tab" in position 0 (playerlist)
12.01.2022 - 20:29:59 - [TAB v2.9.2 Premium] Something just tried to register objective "sba-tag" in position 2 (belowname)
12.01.2022 - 20:29:59 - [TAB v2.9.2 Premium] Something just tried to add player AllanStrat into team RED
12.01.2022 - 20:29:59 - [TAB v2.9.2 Premium] Something just tried to add player AllanDev into team GRAY
12.01.2022 - 20:29:59 - [TAB v2.9.2 Premium] Something just tried to add player AllanStrat into team RED
12.01.2022 - 20:29:59 - [TAB v2.9.2 Premium] Something just tried to add player AllanDev into team GRAY
14.01.2022 - 13:54:34 - [TAB v2.9.2 Premium] Something just tried to add player AllanStrat into team RED
14.01.2022 - 13:54:34 - [TAB v2.9.2 Premium] Something just tried to add player AllanDev into team GRAY
14.01.2022 - 13:54:34 - [TAB v2.9.2 Premium] Something just tried to add player AllanStrat into team RED
14.01.2022 - 13:54:34 - [TAB v2.9.2 Premium] Something just tried to add player AllanDev into team GRAY
14.01.2022 - 13:59:04 - [TAB v2.9.2 Premium] Something just tried to add player AllanDev into team RED
14.01.2022 - 13:59:04 - [TAB v2.9.2 Premium] Something just tried to add player AllanStrat into team GRAY
14.01.2022 - 13:59:04 - [TAB v2.9.2 Premium] Something just tried to add player AllanDev into team RED
14.01.2022 - 13:59:04 - [TAB v2.9.2 Premium] Something just tried to add player AllanStrat into team GRAY
14.01.2022 - 14:07:48 - [TAB v2.9.2 Premium] Something just tried to add player AllanDev into team RED
14.01.2022 - 14:07:48 - [TAB v2.9.2 Premium] Something just tried to add player AllanStrat into team GRAY
14.01.2022 - 14:07:48 - [TAB v2.9.2 Premium] Something just tried to add player AllanDev into team RED
14.01.2022 - 14:07:48 - [TAB v2.9.2 Premium] Something just tried to add player AllanStrat into team GRAY
14.01.2022 - 14:22:50 - [TAB v2.9.2 Premium] Something just tried to add player AllanStrat into team RED
14.01.2022 - 14:22:50 - [TAB v2.9.2 Premium] Something just tried to add player AllanDev into team GRAY
14.01.2022 - 14:22:50 - [TAB v2.9.2 Premium] Something just tried to add player AllanStrat into team RED
14.01.2022 - 14:22:50 - [TAB v2.9.2 Premium] Something just tried to add player AllanDev into team GRAY
