15-05-13 19:58:30 [INFO] Logger started.
15-05-13 19:58:30 [INFO] [NoCheatPlus] Logging system initialized.
15-05-13 19:58:30 [INFO] [NoCheatPlus] Detected Minecraft version: 1.8.3
15-05-13 19:58:34 [INFO] [NoCheatPlus] McAccess set to: 1.8.3 / Spigot-CB-DEV
15-05-13 19:58:34 [INFO] [NoCheatPlus] Added block-info for Minecraft 1.5 blocks.
15-05-13 19:58:34 [INFO] [NoCheatPlus] Added block-info for Minecraft 1.6.1 blocks.
15-05-13 19:58:34 [INFO] [NoCheatPlus] Added block-info for Minecraft 1.7.2 blocks.
15-05-13 19:58:34 [INFO] [NoCheatPlus] Added block-info for Minecraft 1.8 blocks.
15-05-13 19:58:34 [INFO] [NoCheatPlus] Inventory checks: FastConsume is available, disabled InstantEat.
15-05-13 19:58:34 [INFO] Adding packet level hooks for ProtocolLib (MC 1.8.3)...
15-05-13 19:58:34 [INFO] [NoCheatPlus] No packet level hooks activated.
15-05-13 19:58:34 [INFO] [NoCheatPlus] Version 3.12.1-SNAPSHOT-sMD5NET-b816 is enabled.
15-05-13 19:58:35 [INFO] [NoCheatPlus] Post-enable running...
15-05-13 19:58:35 [INFO] [NoCheatPlus] Post-enable finished.
15-05-13 19:58:35 [INFO] ---- Version information ----
#### Server ####
git-Spigot-dbe012b-63e28b1 (MC: 1.8.3)
(detected: 1.8.3)
#### NoCheatPlus ####
Plugin: 3.12.1-SNAPSHOT-sMD5NET-b816
MCAccess: 1.8.3 / Spigot-CB-DEV
Features:
  blocks: BlocksMC1_4(base) | BlocksMC1_5 | BlocksMC1_6_1 | BlocksMC1_7_2 | BlocksMC1_8
  defaults: pvpKnockBackVelocity
15-05-13 20:07:40 [FINE] | canceldead 0 | illegalitem 0 | boatsanywhere 0 | throwenderpearl 0 | fakeinvulnerable 0 | eggonentity 0 | event.player.move.handled 470 (470/0) | event.player.move.handled.pos 335 (335/0) | event.player.move.handled.look 5 (5/0) | event.player.move.handled.pos_look 130 (130/0) | packet.flying.nullplayer 0 |
15-05-13 20:07:57 [INFO] Logger started.
15-05-13 20:07:57 [INFO] [NoCheatPlus] Logging system initialized.
15-05-13 20:07:57 [INFO] [NoCheatPlus] Detected Minecraft version: 1.8.3
15-05-13 20:08:00 [INFO] [NoCheatPlus] McAccess set to: 1.8.3 / Spigot-CB-DEV
15-05-13 20:08:00 [INFO] [NoCheatPlus] Added block-info for Minecraft 1.5 blocks.
15-05-13 20:08:00 [INFO] [NoCheatPlus] Added block-info for Minecraft 1.6.1 blocks.
15-05-13 20:08:00 [INFO] [NoCheatPlus] Added block-info for Minecraft 1.7.2 blocks.
15-05-13 20:08:00 [INFO] [NoCheatPlus] Added block-info for Minecraft 1.8 blocks.
15-05-13 20:08:00 [INFO] [NoCheatPlus] Inventory checks: FastConsume is available, disabled InstantEat.
15-05-13 20:08:00 [INFO] Adding packet level hooks for ProtocolLib (MC 1.8.3)...
15-05-13 20:08:00 [INFO] [NoCheatPlus] Available (and activated) packet level hooks: FlyingFrequency | KeepAliveFrequency | SoundDistance
15-05-13 20:08:00 [INFO] [NoCheatPlus] Version 3.12.1-SNAPSHOT-sMD5NET-b816 is enabled.
15-05-13 20:08:03 [INFO] [NoCheatPlus] Post-enable running...
15-05-13 20:08:03 [INFO] [NoCheatPlus] Post-enable finished.
15-05-13 20:08:03 [INFO] ---- Version information ----
#### Server ####
git-Spigot-dbe012b-63e28b1 (MC: 1.8.3)
(detected: 1.8.3)
#### NoCheatPlus ####
Plugin: 3.12.1-SNAPSHOT-sMD5NET-b816
MCAccess: 1.8.3 / Spigot-CB-DEV
Features:
  blocks: BlocksMC1_4(base) | BlocksMC1_5 | BlocksMC1_6_1 | BlocksMC1_7_2 | BlocksMC1_8
  checks: FastConsume | Gutenberg | FlyingFrequency | KeepAliveFrequency | SoundDistance
  defaults: pvpKnockBackVelocity
15-05-13 20:18:49 [FINE] | canceldead 0 | illegalitem 0 | boatsanywhere 0 | throwenderpearl 0 | fakeinvulnerable 0 | eggonentity 0 | event.player.move.handled 167 (167/0) | event.player.move.handled.pos 160 (160/0) | event.player.move.handled.look 6 (6/0) | event.player.move.handled.pos_look 1 (1/0) | packet.flying.nullplayer 0 | packet.flying.handled 11324 (0/11324) | packet.flying.asynchronous 11324 (0/11324) |
15-05-13 20:18:50 [INFO] Logger started.
15-05-13 20:18:50 [INFO] [NoCheatPlus] Logging system initialized.
15-05-13 20:18:50 [INFO] [NoCheatPlus] Detected Minecraft version: 1.8.3
15-05-13 20:18:51 [INFO] [NoCheatPlus] McAccess set to: 1.8.3 / Spigot-CB-DEV
15-05-13 20:18:51 [INFO] [NoCheatPlus] Added block-info for Minecraft 1.5 blocks.
15-05-13 20:18:51 [INFO] [NoCheatPlus] Added block-info for Minecraft 1.6.1 blocks.
15-05-13 20:18:51 [INFO] [NoCheatPlus] Added block-info for Minecraft 1.7.2 blocks.
15-05-13 20:18:51 [INFO] [NoCheatPlus] Added block-info for Minecraft 1.8 blocks.
15-05-13 20:18:51 [INFO] [NoCheatPlus] Inventory checks: FastConsume is available, disabled InstantEat.
15-05-13 20:18:51 [INFO] Adding packet level hooks for ProtocolLib (MC 1.8.3)...
15-05-13 20:18:51 [INFO] [NoCheatPlus] Available (and activated) packet level hooks: FlyingFrequency | KeepAliveFrequency | SoundDistance
15-05-13 20:18:51 [INFO] [NoCheatPlus] Version 3.12.1-SNAPSHOT-sMD5NET-b816 is enabled.
15-05-13 20:18:54 [INFO] [NoCheatPlus] Post-enable running...
15-05-13 20:18:54 [INFO] [NoCheatPlus] Post-enable finished.
15-05-13 20:18:54 [INFO] ---- Version information ----
#### Server ####
git-Spigot-dbe012b-63e28b1 (MC: 1.8.3)
(detected: 1.8.3)
#### NoCheatPlus ####
Plugin: 3.12.1-SNAPSHOT-sMD5NET-b816
MCAccess: 1.8.3 / Spigot-CB-DEV
Features:
  blocks: BlocksMC1_4(base) | BlocksMC1_5 | BlocksMC1_6_1 | BlocksMC1_7_2 | BlocksMC1_8
  checks: FastConsume | Gutenberg | FlyingFrequency | KeepAliveFrequency | SoundDistance
  defaults: pvpKnockBackVelocity
15-05-13 20:23:20 [INFO] Logger started.
15-05-13 20:23:20 [INFO] [NoCheatPlus] Logging system initialized.
15-05-13 20:23:20 [INFO] [NoCheatPlus] Detected Minecraft version: 1.8.3
15-05-13 20:23:33 [INFO] [NoCheatPlus] McAccess set to: 1.8.3 / Spigot-CB-DEV
15-05-13 20:23:33 [INFO] [NoCheatPlus] Added block-info for Minecraft 1.5 blocks.
15-05-13 20:23:33 [INFO] [NoCheatPlus] Added block-info for Minecraft 1.6.1 blocks.
15-05-13 20:23:33 [INFO] [NoCheatPlus] Added block-info for Minecraft 1.7.2 blocks.
15-05-13 20:23:33 [INFO] [NoCheatPlus] Added block-info for Minecraft 1.8 blocks.
15-05-13 20:23:33 [INFO] [NoCheatPlus] Inventory checks: FastConsume is available, disabled InstantEat.
15-05-13 20:23:33 [INFO] Adding packet level hooks for ProtocolLib (MC 1.8.3)...
15-05-13 20:23:33 [INFO] [NoCheatPlus] Available (and activated) packet level hooks: FlyingFrequency | KeepAliveFrequency | SoundDistance
15-05-13 20:23:33 [INFO] [NoCheatPlus] Version 3.12.1-SNAPSHOT-sMD5NET-b816 is enabled.
15-05-13 20:23:37 [INFO] [NoCheatPlus] Post-enable running...
15-05-13 20:23:38 [INFO] [NoCheatPlus] Post-enable finished.
15-05-13 20:23:38 [INFO] ---- Version information ----
#### Server ####
git-Spigot-dbe012b-63e28b1 (MC: 1.8.3)
(detected: 1.8.3)
#### NoCheatPlus ####
Plugin: 3.12.1-SNAPSHOT-sMD5NET-b816
MCAccess: 1.8.3 / Spigot-CB-DEV
Features:
  blocks: BlocksMC1_4(base) | BlocksMC1_5 | BlocksMC1_6_1 | BlocksMC1_7_2 | BlocksMC1_8
  checks: FastConsume | Gutenberg | FlyingFrequency | KeepAliveFrequency | SoundDistance
  defaults: pvpKnockBackVelocity
15-05-13 20:27:26 [INFO] Logger started.
15-05-13 20:27:26 [INFO] [NoCheatPlus] Logging system initialized.
15-05-13 20:27:26 [INFO] [NoCheatPlus] Detected Minecraft version: 1.8.3
15-05-13 20:27:39 [INFO] [NoCheatPlus] McAccess set to: 1.8.3 / Spigot-CB-DEV
15-05-13 20:27:39 [INFO] [NoCheatPlus] Added block-info for Minecraft 1.5 blocks.
15-05-13 20:27:39 [INFO] [NoCheatPlus] Added block-info for Minecraft 1.6.1 blocks.
15-05-13 20:27:39 [INFO] [NoCheatPlus] Added block-info for Minecraft 1.7.2 blocks.
15-05-13 20:27:39 [INFO] [NoCheatPlus] Added block-info for Minecraft 1.8 blocks.
15-05-13 20:27:39 [INFO] [NoCheatPlus] Inventory checks: FastConsume is available, disabled InstantEat.
15-05-13 20:27:39 [INFO] Adding packet level hooks for ProtocolLib (MC 1.8.3)...
15-05-13 20:27:39 [INFO] [NoCheatPlus] Available (and activated) packet level hooks: FlyingFrequency | KeepAliveFrequency | SoundDistance
15-05-13 20:27:39 [INFO] [NoCheatPlus] Version 3.12.1-SNAPSHOT-sMD5NET-b816 is enabled.
15-05-13 20:27:43 [INFO] [NoCheatPlus] Post-enable running...
15-05-13 20:27:43 [INFO] [NoCheatPlus] Post-enable finished.
15-05-13 20:27:43 [INFO] ---- Version information ----
#### Server ####
git-Spigot-dbe012b-63e28b1 (MC: 1.8.3)
(detected: 1.8.3)
#### NoCheatPlus ####
Plugin: 3.12.1-SNAPSHOT-sMD5NET-b816
MCAccess: 1.8.3 / Spigot-CB-DEV
Features:
  blocks: BlocksMC1_4(base) | BlocksMC1_5 | BlocksMC1_6_1 | BlocksMC1_7_2 | BlocksMC1_8
  checks: FastConsume | Gutenberg | FlyingFrequency | KeepAliveFrequency | SoundDistance
  defaults: pvpKnockBackVelocity
15-05-13 20:40:52 [FINE] | canceldead 0 | illegalitem 0 | boatsanywhere 0 | throwenderpearl 0 | fakeinvulnerable 0 | eggonentity 0 | event.player.move.handled 959 (959/0) | event.player.move.handled.pos 655 (655/0) | event.player.move.handled.look 99 (99/0) | event.player.move.handled.pos_look 205 (205/0) | packet.flying.nullplayer 0 | packet.flying.handled 37987 (0/37987) | packet.flying.asynchronous 37987 (0/37987) |
15-05-13 20:40:52 [INFO] Logger started.
15-05-13 20:40:52 [INFO] [NoCheatPlus] Logging system initialized.
15-05-13 20:40:52 [INFO] [NoCheatPlus] Detected Minecraft version: 1.8.3
15-05-13 20:40:54 [INFO] [NoCheatPlus] McAccess set to: 1.8.3 / Spigot-CB-DEV
15-05-13 20:40:54 [INFO] [NoCheatPlus] Added block-info for Minecraft 1.5 blocks.
15-05-13 20:40:54 [INFO] [NoCheatPlus] Added block-info for Minecraft 1.6.1 blocks.
15-05-13 20:40:54 [INFO] [NoCheatPlus] Added block-info for Minecraft 1.7.2 blocks.
15-05-13 20:40:54 [INFO] [NoCheatPlus] Added block-info for Minecraft 1.8 blocks.
15-05-13 20:40:54 [INFO] [NoCheatPlus] Inventory checks: FastConsume is available, disabled InstantEat.
15-05-13 20:40:54 [INFO] Adding packet level hooks for ProtocolLib (MC 1.8.3)...
15-05-13 20:40:54 [INFO] [NoCheatPlus] Available (and activated) packet level hooks: FlyingFrequency | KeepAliveFrequency | SoundDistance
15-05-13 20:40:54 [INFO] [NoCheatPlus] Version 3.12.1-SNAPSHOT-sMD5NET-b816 is enabled.
15-05-13 20:40:59 [INFO] [NoCheatPlus] Post-enable running...
15-05-13 20:40:59 [INFO] [NoCheatPlus] Post-enable finished.
15-05-13 20:40:59 [INFO] ---- Version information ----
#### Server ####
git-Spigot-dbe012b-63e28b1 (MC: 1.8.3)
(detected: 1.8.3)
#### NoCheatPlus ####
Plugin: 3.12.1-SNAPSHOT-sMD5NET-b816
MCAccess: 1.8.3 / Spigot-CB-DEV
Features:
  blocks: BlocksMC1_4(base) | BlocksMC1_5 | BlocksMC1_6_1 | BlocksMC1_7_2 | BlocksMC1_8
  checks: FastConsume | Gutenberg | FlyingFrequency | KeepAliveFrequency | SoundDistance
  defaults: pvpKnockBackVelocity
15-05-13 20:44:03 [INFO] Logger started.
15-05-13 20:44:03 [INFO] [NoCheatPlus] Logging system initialized.
15-05-13 20:44:03 [INFO] [NoCheatPlus] Detected Minecraft version: 1.8.3
15-05-13 20:44:15 [INFO] [NoCheatPlus] McAccess set to: 1.8.3 / Spigot-CB-DEV
15-05-13 20:44:15 [INFO] [NoCheatPlus] Added block-info for Minecraft 1.5 blocks.
15-05-13 20:44:15 [INFO] [NoCheatPlus] Added block-info for Minecraft 1.6.1 blocks.
15-05-13 20:44:15 [INFO] [NoCheatPlus] Added block-info for Minecraft 1.7.2 blocks.
15-05-13 20:44:15 [INFO] [NoCheatPlus] Added block-info for Minecraft 1.8 blocks.
15-05-13 20:44:15 [INFO] [NoCheatPlus] Inventory checks: FastConsume is available, disabled InstantEat.
15-05-13 20:44:15 [INFO] Adding packet level hooks for ProtocolLib (MC 1.8.3)...
15-05-13 20:44:15 [INFO] [NoCheatPlus] Available (and activated) packet level hooks: FlyingFrequency | KeepAliveFrequency | SoundDistance
15-05-13 20:44:15 [INFO] [NoCheatPlus] Version 3.12.1-SNAPSHOT-sMD5NET-b816 is enabled.
15-05-13 20:44:19 [INFO] [NoCheatPlus] Post-enable running...
15-05-13 20:44:19 [INFO] [NoCheatPlus] Post-enable finished.
15-05-13 20:44:19 [INFO] ---- Version information ----
#### Server ####
git-Spigot-dbe012b-63e28b1 (MC: 1.8.3)
(detected: 1.8.3)
#### NoCheatPlus ####
Plugin: 3.12.1-SNAPSHOT-sMD5NET-b816
MCAccess: 1.8.3 / Spigot-CB-DEV
Features:
  blocks: BlocksMC1_4(base) | BlocksMC1_5 | BlocksMC1_6_1 | BlocksMC1_7_2 | BlocksMC1_8
  checks: FastConsume | Gutenberg | FlyingFrequency | KeepAliveFrequency | SoundDistance
  defaults: pvpKnockBackVelocity
15-05-13 20:50:51 [FINE] | canceldead 0 | illegalitem 0 | boatsanywhere 0 | throwenderpearl 0 | fakeinvulnerable 0 | eggonentity 0 | event.player.move.handled 138 (138/0) | event.player.move.handled.pos 138 (138/0) | event.player.move.handled.look 0 | event.player.move.handled.pos_look 0 | packet.flying.nullplayer 0 | packet.flying.handled 7300 (0/7300) | packet.flying.asynchronous 7300 (0/7300) |
15-05-13 20:51:09 [INFO] Logger started.
15-05-13 20:51:09 [INFO] [NoCheatPlus] Logging system initialized.
15-05-13 20:51:09 [INFO] [NoCheatPlus] Detected Minecraft version: 1.8.3
15-05-13 20:51:14 [INFO] [NoCheatPlus] McAccess set to: 1.8.3 / Spigot-CB-DEV
15-05-13 20:51:14 [INFO] [NoCheatPlus] Added block-info for Minecraft 1.5 blocks.
15-05-13 20:51:14 [INFO] [NoCheatPlus] Added block-info for Minecraft 1.6.1 blocks.
15-05-13 20:51:14 [INFO] [NoCheatPlus] Added block-info for Minecraft 1.7.2 blocks.
15-05-13 20:51:14 [INFO] [NoCheatPlus] Added block-info for Minecraft 1.8 blocks.
15-05-13 20:51:14 [INFO] [NoCheatPlus] Inventory checks: FastConsume is available, disabled InstantEat.
15-05-13 20:51:14 [INFO] Adding packet level hooks for ProtocolLib (MC 1.8.3)...
15-05-13 20:51:14 [INFO] [NoCheatPlus] Available (and activated) packet level hooks: FlyingFrequency | KeepAliveFrequency | SoundDistance
15-05-13 20:51:14 [INFO] [NoCheatPlus] Version 3.12.1-SNAPSHOT-sMD5NET-b816 is enabled.
15-05-13 20:51:16 [INFO] [NoCheatPlus] Post-enable running...
15-05-13 20:51:16 [INFO] [NoCheatPlus] Post-enable finished.
15-05-13 20:51:16 [INFO] ---- Version information ----
#### Server ####
git-Spigot-dbe012b-63e28b1 (MC: 1.8.3)
(detected: 1.8.3)
#### NoCheatPlus ####
Plugin: 3.12.1-SNAPSHOT-sMD5NET-b816
MCAccess: 1.8.3 / Spigot-CB-DEV
Features:
  blocks: BlocksMC1_4(base) | BlocksMC1_5 | BlocksMC1_6_1 | BlocksMC1_7_2 | BlocksMC1_8
  checks: FastConsume | Gutenberg | FlyingFrequency | KeepAliveFrequency | SoundDistance
  defaults: pvpKnockBackVelocity
15-05-13 20:56:46 [INFO] Logger started.
15-05-13 20:56:46 [INFO] [NoCheatPlus] Logging system initialized.
15-05-13 20:56:46 [INFO] [NoCheatPlus] Detected Minecraft version: 1.8.3
15-05-13 20:57:04 [INFO] [NoCheatPlus] McAccess set to: 1.8.3 / Spigot-CB-DEV
15-05-13 20:57:04 [INFO] [NoCheatPlus] Added block-info for Minecraft 1.5 blocks.
15-05-13 20:57:04 [INFO] [NoCheatPlus] Added block-info for Minecraft 1.6.1 blocks.
15-05-13 20:57:04 [INFO] [NoCheatPlus] Added block-info for Minecraft 1.7.2 blocks.
15-05-13 20:57:04 [INFO] [NoCheatPlus] Added block-info for Minecraft 1.8 blocks.
15-05-13 20:57:04 [INFO] [NoCheatPlus] Inventory checks: FastConsume is available, disabled InstantEat.
15-05-13 20:57:04 [INFO] Adding packet level hooks for ProtocolLib (MC 1.8.3)...
15-05-13 20:57:04 [INFO] [NoCheatPlus] Available (and activated) packet level hooks: FlyingFrequency | KeepAliveFrequency | SoundDistance
15-05-13 20:57:04 [INFO] [NoCheatPlus] Version 3.12.1-SNAPSHOT-sMD5NET-b816 is enabled.
15-05-13 20:57:08 [INFO] [NoCheatPlus] Post-enable running...
15-05-13 20:57:09 [INFO] [NoCheatPlus] Post-enable finished.
15-05-13 20:57:09 [INFO] ---- Version information ----
#### Server ####
git-Spigot-dbe012b-63e28b1 (MC: 1.8.3)
(detected: 1.8.3)
#### NoCheatPlus ####
Plugin: 3.12.1-SNAPSHOT-sMD5NET-b816
MCAccess: 1.8.3 / Spigot-CB-DEV
Features:
  blocks: BlocksMC1_4(base) | BlocksMC1_5 | BlocksMC1_6_1 | BlocksMC1_7_2 | BlocksMC1_8
  checks: FastConsume | Gutenberg | FlyingFrequency | KeepAliveFrequency | SoundDistance
  defaults: pvpKnockBackVelocity
15-05-13 21:12:41 [INFO] Logger started.
15-05-13 21:12:41 [INFO] [NoCheatPlus] Logging system initialized.
15-05-13 21:12:41 [INFO] [NoCheatPlus] Detected Minecraft version: 1.8.3
15-05-13 21:12:47 [INFO] [NoCheatPlus] McAccess set to: 1.8.3 / Spigot-CB-DEV
15-05-13 21:12:47 [INFO] [NoCheatPlus] Added block-info for Minecraft 1.5 blocks.
15-05-13 21:12:47 [INFO] [NoCheatPlus] Added block-info for Minecraft 1.6.1 blocks.
15-05-13 21:12:47 [INFO] [NoCheatPlus] Added block-info for Minecraft 1.7.2 blocks.
15-05-13 21:12:47 [INFO] [NoCheatPlus] Added block-info for Minecraft 1.8 blocks.
15-05-13 21:12:47 [INFO] [NoCheatPlus] Inventory checks: FastConsume is available, disabled InstantEat.
15-05-13 21:12:47 [INFO] Adding packet level hooks for ProtocolLib (MC 1.8.3)...
15-05-13 21:12:47 [INFO] [NoCheatPlus] Available (and activated) packet level hooks: FlyingFrequency | KeepAliveFrequency | SoundDistance
15-05-13 21:12:47 [INFO] [NoCheatPlus] Version 3.12.1-SNAPSHOT-sMD5NET-b816 is enabled.
15-05-13 21:12:49 [INFO] [NoCheatPlus] Post-enable running...
15-05-13 21:12:49 [INFO] [NoCheatPlus] Post-enable finished.
15-05-13 21:12:50 [INFO] ---- Version information ----
#### Server ####
git-Spigot-dbe012b-63e28b1 (MC: 1.8.3)
(detected: 1.8.3)
#### NoCheatPlus ####
Plugin: 3.12.1-SNAPSHOT-sMD5NET-b816
MCAccess: 1.8.3 / Spigot-CB-DEV
Features:
  blocks: BlocksMC1_4(base) | BlocksMC1_5 | BlocksMC1_6_1 | BlocksMC1_7_2 | BlocksMC1_8
  checks: FastConsume | Gutenberg | FlyingFrequency | KeepAliveFrequency | SoundDistance
  defaults: pvpKnockBackVelocity
15-05-13 21:29:57 [INFO] Logger started.
15-05-13 21:29:57 [INFO] [NoCheatPlus] Logging system initialized.
15-05-13 21:29:57 [INFO] [NoCheatPlus] Detected Minecraft version: 1.8.3
15-05-13 21:30:04 [INFO] [NoCheatPlus] McAccess set to: 1.8.3 / Spigot-CB-DEV
15-05-13 21:30:04 [INFO] [NoCheatPlus] Added block-info for Minecraft 1.5 blocks.
15-05-13 21:30:04 [INFO] [NoCheatPlus] Added block-info for Minecraft 1.6.1 blocks.
15-05-13 21:30:04 [INFO] [NoCheatPlus] Added block-info for Minecraft 1.7.2 blocks.
15-05-13 21:30:04 [INFO] [NoCheatPlus] Added block-info for Minecraft 1.8 blocks.
15-05-13 21:30:05 [INFO] [NoCheatPlus] Inventory checks: FastConsume is available, disabled InstantEat.
15-05-13 21:30:05 [INFO] Adding packet level hooks for ProtocolLib (MC 1.8.3)...
15-05-13 21:30:05 [INFO] [NoCheatPlus] Available (and activated) packet level hooks: FlyingFrequency | KeepAliveFrequency | SoundDistance
15-05-13 21:30:05 [INFO] [NoCheatPlus] Version 3.12.1-SNAPSHOT-sMD5NET-b816 is enabled.
15-05-13 21:30:08 [INFO] [NoCheatPlus] Post-enable running...
15-05-13 21:30:08 [INFO] [NoCheatPlus] Post-enable finished.
15-05-13 21:30:08 [INFO] ---- Version information ----
#### Server ####
git-Spigot-dbe012b-63e28b1 (MC: 1.8.3)
(detected: 1.8.3)
#### NoCheatPlus ####
Plugin: 3.12.1-SNAPSHOT-sMD5NET-b816
MCAccess: 1.8.3 / Spigot-CB-DEV
Features:
  blocks: BlocksMC1_4(base) | BlocksMC1_5 | BlocksMC1_6_1 | BlocksMC1_7_2 | BlocksMC1_8
  checks: FastConsume | Gutenberg | FlyingFrequency | KeepAliveFrequency | SoundDistance
  defaults: pvpKnockBackVelocity
15-05-13 21:41:57 [INFO] Logger started.
15-05-13 21:41:57 [INFO] [NoCheatPlus] Logging system initialized.
15-05-13 21:41:57 [INFO] [NoCheatPlus] Detected Minecraft version: 1.8.3
15-05-13 21:42:14 [INFO] [NoCheatPlus] McAccess set to: 1.8.3 / Spigot-CB-DEV
15-05-13 21:42:14 [INFO] [NoCheatPlus] Added block-info for Minecraft 1.5 blocks.
15-05-13 21:42:14 [INFO] [NoCheatPlus] Added block-info for Minecraft 1.6.1 blocks.
15-05-13 21:42:14 [INFO] [NoCheatPlus] Added block-info for Minecraft 1.7.2 blocks.
15-05-13 21:42:14 [INFO] [NoCheatPlus] Added block-info for Minecraft 1.8 blocks.
15-05-13 21:42:14 [INFO] [NoCheatPlus] Inventory checks: FastConsume is available, disabled InstantEat.
15-05-13 21:42:14 [INFO] Adding packet level hooks for ProtocolLib (MC 1.8.3)...
15-05-13 21:42:14 [INFO] [NoCheatPlus] Available (and activated) packet level hooks: FlyingFrequency | KeepAliveFrequency | SoundDistance
15-05-13 21:42:14 [INFO] [NoCheatPlus] Version 3.12.1-SNAPSHOT-sMD5NET-b816 is enabled.
15-05-13 21:42:19 [INFO] [NoCheatPlus] Post-enable running...
15-05-13 21:42:19 [INFO] [NoCheatPlus] Post-enable finished.
15-05-13 21:42:19 [INFO] ---- Version information ----
#### Server ####
git-Spigot-dbe012b-63e28b1 (MC: 1.8.3)
(detected: 1.8.3)
#### NoCheatPlus ####
Plugin: 3.12.1-SNAPSHOT-sMD5NET-b816
MCAccess: 1.8.3 / Spigot-CB-DEV
Features:
  blocks: BlocksMC1_4(base) | BlocksMC1_5 | BlocksMC1_6_1 | BlocksMC1_7_2 | BlocksMC1_8
  checks: FastConsume | Gutenberg | FlyingFrequency | KeepAliveFrequency | SoundDistance
  defaults: pvpKnockBackVelocity
15-05-14 11:27:18 [FINE] | canceldead 0 | illegalitem 0 | boatsanywhere 0 | throwenderpearl 0 | fakeinvulnerable 0 | eggonentity 0 | event.player.move.handled 4174 (4174/0) | event.player.move.handled.pos 2956 (2956/0) | event.player.move.handled.look 163 (163/0) | event.player.move.handled.pos_look 1055 (1055/0) | packet.flying.nullplayer 0 | packet.flying.handled 48483 (0/48483) | packet.flying.asynchronous 48483 (0/48483) |
15-05-14 11:27:19 [INFO] Logger started.
15-05-14 11:27:19 [INFO] [NoCheatPlus] Logging system initialized.
15-05-14 11:27:19 [INFO] [NoCheatPlus] Detected Minecraft version: 1.8.3
15-05-14 11:27:23 [INFO] [NoCheatPlus] McAccess set to: 1.8.3 / Spigot-CB-DEV
15-05-14 11:27:23 [INFO] [NoCheatPlus] Added block-info for Minecraft 1.5 blocks.
15-05-14 11:27:23 [INFO] [NoCheatPlus] Added block-info for Minecraft 1.6.1 blocks.
15-05-14 11:27:23 [INFO] [NoCheatPlus] Added block-info for Minecraft 1.7.2 blocks.
15-05-14 11:27:23 [INFO] [NoCheatPlus] Added block-info for Minecraft 1.8 blocks.
15-05-14 11:27:23 [INFO] [NoCheatPlus] Inventory checks: FastConsume is available, disabled InstantEat.
15-05-14 11:27:23 [INFO] Adding packet level hooks for ProtocolLib (MC 1.8.3)...
15-05-14 11:27:23 [INFO] [NoCheatPlus] Available (and activated) packet level hooks: FlyingFrequency | KeepAliveFrequency | SoundDistance
15-05-14 11:27:24 [INFO] [NoCheatPlus] Version 3.12.1-SNAPSHOT-sMD5NET-b816 is enabled.
15-05-14 11:27:26 [INFO] [NoCheatPlus] Post-enable running...
15-05-14 11:27:26 [INFO] [NoCheatPlus] Post-enable finished.
15-05-14 11:27:26 [INFO] ---- Version information ----
#### Server ####
git-Spigot-dbe012b-63e28b1 (MC: 1.8.3)
(detected: 1.8.3)
#### NoCheatPlus ####
Plugin: 3.12.1-SNAPSHOT-sMD5NET-b816
MCAccess: 1.8.3 / Spigot-CB-DEV
Features:
  blocks: BlocksMC1_4(base) | BlocksMC1_5 | BlocksMC1_6_1 | BlocksMC1_7_2 | BlocksMC1_8
  checks: FastConsume | Gutenberg | FlyingFrequency | KeepAliveFrequency | SoundDistance
  defaults: pvpKnockBackVelocity
15-05-14 12:36:34 [FINE] | canceldead 0 | illegalitem 0 | boatsanywhere 0 | throwenderpearl 0 | fakeinvulnerable 0 | eggonentity 0 | event.player.move.handled 7399 (7399/0) | event.player.move.handled.pos 5266 (5266/0) | event.player.move.handled.look 564 (564/0) | event.player.move.handled.pos_look 1569 (1569/0) | packet.flying.nullplayer 0 | packet.flying.handled 140337 (0/140337) | packet.flying.asynchronous 140337 (0/140337) |
15-05-14 12:36:34 [INFO] Logger started.
15-05-14 12:36:34 [INFO] [NoCheatPlus] Logging system initialized.
15-05-14 12:36:34 [INFO] [NoCheatPlus] Detected Minecraft version: 1.8.3
15-05-14 12:36:36 [INFO] [NoCheatPlus] McAccess set to: 1.8.3 / Spigot-CB-DEV
15-05-14 12:36:36 [INFO] [NoCheatPlus] Added block-info for Minecraft 1.5 blocks.
15-05-14 12:36:36 [INFO] [NoCheatPlus] Added block-info for Minecraft 1.6.1 blocks.
15-05-14 12:36:36 [INFO] [NoCheatPlus] Added block-info for Minecraft 1.7.2 blocks.
15-05-14 12:36:36 [INFO] [NoCheatPlus] Added block-info for Minecraft 1.8 blocks.
15-05-14 12:36:36 [INFO] [NoCheatPlus] Inventory checks: FastConsume is available, disabled InstantEat.
15-05-14 12:36:36 [INFO] Adding packet level hooks for ProtocolLib (MC 1.8.3)...
15-05-14 12:36:36 [INFO] [NoCheatPlus] Available (and activated) packet level hooks: FlyingFrequency | KeepAliveFrequency | SoundDistance
15-05-14 12:36:36 [INFO] [NoCheatPlus] Version 3.12.1-SNAPSHOT-sMD5NET-b816 is enabled.
15-05-14 12:36:40 [INFO] [NoCheatPlus] Post-enable running...
15-05-14 12:36:40 [INFO] [NoCheatPlus] Post-enable finished.
15-05-14 12:36:40 [INFO] ---- Version information ----
#### Server ####
git-Spigot-dbe012b-63e28b1 (MC: 1.8.3)
(detected: 1.8.3)
#### NoCheatPlus ####
Plugin: 3.12.1-SNAPSHOT-sMD5NET-b816
MCAccess: 1.8.3 / Spigot-CB-DEV
Features:
  blocks: BlocksMC1_4(base) | BlocksMC1_5 | BlocksMC1_6_1 | BlocksMC1_7_2 | BlocksMC1_8
  checks: FastConsume | Gutenberg | FlyingFrequency | KeepAliveFrequency | SoundDistance
  defaults: pvpKnockBackVelocity
15-05-14 16:47:56 [FINE] | canceldead 0 | illegalitem 0 | boatsanywhere 0 | throwenderpearl 0 | fakeinvulnerable 0 | eggonentity 0 | event.player.move.handled 20092 (20092/0) | event.player.move.handled.pos 9745 (9745/0) | event.player.move.handled.look 1193 (1193/0) | event.player.move.handled.pos_look 9154 (9154/0) | packet.flying.nullplayer 0 | packet.flying.handled 94243 (0/94243) | packet.flying.asynchronous 94243 (0/94243) |
15-05-14 16:47:57 [INFO] Logger started.
15-05-14 16:47:57 [INFO] [NoCheatPlus] Logging system initialized.
15-05-14 16:47:57 [INFO] [NoCheatPlus] Detected Minecraft version: 1.8.3
15-05-14 16:47:59 [INFO] [NoCheatPlus] McAccess set to: 1.8.3 / Spigot-CB-DEV
15-05-14 16:47:59 [INFO] [NoCheatPlus] Added block-info for Minecraft 1.5 blocks.
15-05-14 16:47:59 [INFO] [NoCheatPlus] Added block-info for Minecraft 1.6.1 blocks.
15-05-14 16:47:59 [INFO] [NoCheatPlus] Added block-info for Minecraft 1.7.2 blocks.
15-05-14 16:47:59 [INFO] [NoCheatPlus] Added block-info for Minecraft 1.8 blocks.
15-05-14 16:47:59 [INFO] [NoCheatPlus] Inventory checks: FastConsume is available, disabled InstantEat.
15-05-14 16:47:59 [INFO] Adding packet level hooks for ProtocolLib (MC 1.8.3)...
15-05-14 16:47:59 [INFO] [NoCheatPlus] Available (and activated) packet level hooks: FlyingFrequency | KeepAliveFrequency | SoundDistance
15-05-14 16:47:59 [INFO] [NoCheatPlus] Version 3.12.1-SNAPSHOT-sMD5NET-b816 is enabled.
15-05-14 16:48:01 [INFO] [NoCheatPlus] Post-enable running...
15-05-14 16:48:01 [INFO] [NoCheatPlus] Post-enable finished.
15-05-14 16:48:01 [INFO] ---- Version information ----
#### Server ####
git-Spigot-dbe012b-63e28b1 (MC: 1.8.3)
(detected: 1.8.3)
#### NoCheatPlus ####
Plugin: 3.12.1-SNAPSHOT-sMD5NET-b816
MCAccess: 1.8.3 / Spigot-CB-DEV
Features:
  blocks: BlocksMC1_4(base) | BlocksMC1_5 | BlocksMC1_6_1 | BlocksMC1_7_2 | BlocksMC1_8
  checks: FastConsume | Gutenberg | FlyingFrequency | KeepAliveFrequency | SoundDistance
  defaults: pvpKnockBackVelocity
15-05-15 11:43:40 [FINE] | canceldead 0 | illegalitem 0 | boatsanywhere 0 | throwenderpearl 0 | fakeinvulnerable 0 | eggonentity 0 | event.player.move.handled 7774 (7774/0) | event.player.move.handled.pos 3813 (3813/0) | event.player.move.handled.look 786 (786/0) | event.player.move.handled.pos_look 3175 (3175/0) | packet.flying.nullplayer 0 | packet.flying.handled 168532 (0/168532) | packet.flying.asynchronous 168532 (0/168532) |
15-05-15 11:46:53 [INFO] Logger started.
15-05-15 11:46:53 [INFO] [NoCheatPlus] Logging system initialized.
15-05-15 11:46:53 [INFO] [NoCheatPlus] Detected Minecraft version: 1.8.3
15-05-15 11:46:57 [INFO] [NoCheatPlus] McAccess set to: 1.8.3 / Spigot-CB-DEV
15-05-15 11:46:57 [INFO] [NoCheatPlus] Added block-info for Minecraft 1.5 blocks.
15-05-15 11:46:57 [INFO] [NoCheatPlus] Added block-info for Minecraft 1.6.1 blocks.
15-05-15 11:46:57 [INFO] [NoCheatPlus] Added block-info for Minecraft 1.7.2 blocks.
15-05-15 11:46:57 [INFO] [NoCheatPlus] Added block-info for Minecraft 1.8 blocks.
15-05-15 11:46:57 [INFO] [NoCheatPlus] Inventory checks: FastConsume is available, disabled InstantEat.
15-05-15 11:46:57 [INFO] Adding packet level hooks for ProtocolLib (MC 1.8.3)...
15-05-15 11:46:57 [INFO] [NoCheatPlus] Available (and activated) packet level hooks: FlyingFrequency | KeepAliveFrequency | SoundDistance
15-05-15 11:46:57 [INFO] [NoCheatPlus] Version 3.12.1-SNAPSHOT-sMD5NET-b816 is enabled.
15-05-15 11:46:59 [INFO] [NoCheatPlus] Post-enable running...
15-05-15 11:46:59 [INFO] [NoCheatPlus] Post-enable finished.
15-05-15 11:46:59 [INFO] ---- Version information ----
#### Server ####
git-Spigot-dbe012b-63e28b1 (MC: 1.8.3)
(detected: 1.8.3)
#### NoCheatPlus ####
Plugin: 3.12.1-SNAPSHOT-sMD5NET-b816
MCAccess: 1.8.3 / Spigot-CB-DEV
Features:
  blocks: BlocksMC1_4(base) | BlocksMC1_5 | BlocksMC1_6_1 | BlocksMC1_7_2 | BlocksMC1_8
  checks: FastConsume | Gutenberg | FlyingFrequency | KeepAliveFrequency | SoundDistance
  defaults: pvpKnockBackVelocity
15-05-15 13:11:31 [INFO] Paedophilia failed Passable: moved into a block (20) from -49.70, 109.00, 160210.30 to -49.70, 108.92, 160210.30 distance 0.08 . VL 10.
15-05-15 13:15:30 [INFO] Paedophilia failed Passable: moved into a block (33) from -223.54, 101.00, 271.44 to -223.54, 100.57, 271.44 distance 0.43 . VL 11.
15-05-16 05:16:22 [FINE] | canceldead 0 | illegalitem 0 | boatsanywhere 0 | throwenderpearl 0 | fakeinvulnerable 0 | eggonentity 0 | event.player.move.handled 34162 (34162/0) | event.player.move.handled.pos 15332 (15332/0) | event.player.move.handled.look 1725 (1725/0) | event.player.move.handled.pos_look 17105 (17105/0) | packet.flying.nullplayer 0 | packet.flying.handled 16239 (0/16239) | packet.flying.asynchronous 16239 (0/16239) |
15-05-16 05:16:23 [INFO] Logger started.
15-05-16 05:16:23 [INFO] [NoCheatPlus] Logging system initialized.
15-05-16 05:16:23 [INFO] [NoCheatPlus] Detected Minecraft version: 1.8.3
15-05-16 05:16:24 [INFO] [NoCheatPlus] McAccess set to: 1.8.3 / Spigot-CB-DEV
15-05-16 05:16:24 [INFO] [NoCheatPlus] Added block-info for Minecraft 1.5 blocks.
15-05-16 05:16:24 [INFO] [NoCheatPlus] Added block-info for Minecraft 1.6.1 blocks.
15-05-16 05:16:24 [INFO] [NoCheatPlus] Added block-info for Minecraft 1.7.2 blocks.
15-05-16 05:16:24 [INFO] [NoCheatPlus] Added block-info for Minecraft 1.8 blocks.
15-05-16 05:16:24 [INFO] [NoCheatPlus] Inventory checks: FastConsume is available, disabled InstantEat.
15-05-16 05:16:24 [INFO] Adding packet level hooks for ProtocolLib (MC 1.8.3)...
15-05-16 05:16:24 [INFO] [NoCheatPlus] Available (and activated) packet level hooks: FlyingFrequency | KeepAliveFrequency | SoundDistance
15-05-16 05:16:24 [INFO] [NoCheatPlus] Version 3.12.1-SNAPSHOT-sMD5NET-b816 is enabled.
15-05-16 05:16:28 [INFO] [NoCheatPlus] Post-enable running...
15-05-16 05:16:28 [INFO] [NoCheatPlus] Post-enable finished.
15-05-16 05:16:28 [INFO] ---- Version information ----
#### Server ####
git-Spigot-dbe012b-63e28b1 (MC: 1.8.3)
(detected: 1.8.3)
#### NoCheatPlus ####
Plugin: 3.12.1-SNAPSHOT-sMD5NET-b816
MCAccess: 1.8.3 / Spigot-CB-DEV
Features:
  blocks: BlocksMC1_4(base) | BlocksMC1_5 | BlocksMC1_6_1 | BlocksMC1_7_2 | BlocksMC1_8
  checks: FastConsume | Gutenberg | FlyingFrequency | KeepAliveFrequency | SoundDistance
  defaults: pvpKnockBackVelocity
15-05-16 05:42:30 [FINE] | canceldead 0 | illegalitem 0 | boatsanywhere 0 | throwenderpearl 0 | fakeinvulnerable 0 | eggonentity 0 | event.player.move.handled 1489 (1489/0) | event.player.move.handled.pos 1362 (1362/0) | event.player.move.handled.look 55 (55/0) | event.player.move.handled.pos_look 72 (72/0) | packet.flying.nullplayer 0 | packet.flying.handled 28318 (0/28318) | packet.flying.asynchronous 28318 (0/28318) |
15-05-16 07:19:11 [INFO] Logger started.
15-05-16 07:19:11 [INFO] [NoCheatPlus] Logging system initialized.
15-05-16 07:19:11 [INFO] [NoCheatPlus] Detected Minecraft version: 1.8.3
15-05-16 07:19:15 [INFO] [NoCheatPlus] McAccess set to: 1.8.3 / Spigot-CB-DEV
15-05-16 07:19:15 [INFO] [NoCheatPlus] Added block-info for Minecraft 1.5 blocks.
15-05-16 07:19:15 [INFO] [NoCheatPlus] Added block-info for Minecraft 1.6.1 blocks.
15-05-16 07:19:15 [INFO] [NoCheatPlus] Added block-info for Minecraft 1.7.2 blocks.
15-05-16 07:19:15 [INFO] [NoCheatPlus] Added block-info for Minecraft 1.8 blocks.
15-05-16 07:19:15 [INFO] [NoCheatPlus] Inventory checks: FastConsume is available, disabled InstantEat.
15-05-16 07:19:15 [INFO] Adding packet level hooks for ProtocolLib (MC 1.8.3)...
15-05-16 07:19:15 [INFO] [NoCheatPlus] Available (and activated) packet level hooks: FlyingFrequency | KeepAliveFrequency | SoundDistance
15-05-16 07:19:15 [INFO] [NoCheatPlus] Version 3.12.1-SNAPSHOT-sMD5NET-b816 is enabled.
15-05-16 07:19:17 [INFO] [NoCheatPlus] Post-enable running...
15-05-16 07:19:17 [INFO] [NoCheatPlus] Post-enable finished.
15-05-16 07:19:17 [INFO] ---- Version information ----
#### Server ####
git-Spigot-dbe012b-63e28b1 (MC: 1.8.3)
(detected: 1.8.3)
#### NoCheatPlus ####
Plugin: 3.12.1-SNAPSHOT-sMD5NET-b816
MCAccess: 1.8.3 / Spigot-CB-DEV
Features:
  blocks: BlocksMC1_4(base) | BlocksMC1_5 | BlocksMC1_6_1 | BlocksMC1_7_2 | BlocksMC1_8
  checks: FastConsume | Gutenberg | FlyingFrequency | KeepAliveFrequency | SoundDistance
  defaults: pvpKnockBackVelocity
15-05-16 19:49:13 [FINE] | canceldead 0 | illegalitem 0 | boatsanywhere 0 | throwenderpearl 0 | fakeinvulnerable 0 | eggonentity 0 | event.player.move.handled 731 (731/0) | event.player.move.handled.pos 250 (250/0) | event.player.move.handled.look 46 (46/0) | event.player.move.handled.pos_look 435 (435/0) | packet.flying.nullplayer 0 | packet.flying.handled 10226 (0/10226) | packet.flying.asynchronous 10226 (0/10226) |
15-05-16 19:49:23 [INFO] Logger started.
15-05-16 19:49:23 [INFO] [NoCheatPlus] Logging system initialized.
15-05-16 19:49:23 [INFO] [NoCheatPlus] Detected Minecraft version: 1.8.3
15-05-16 19:49:28 [INFO] [NoCheatPlus] McAccess set to: 1.8.3 / Spigot-CB-DEV
15-05-16 19:49:28 [INFO] [NoCheatPlus] Added block-info for Minecraft 1.5 blocks.
15-05-16 19:49:28 [INFO] [NoCheatPlus] Added block-info for Minecraft 1.6.1 blocks.
15-05-16 19:49:28 [INFO] [NoCheatPlus] Added block-info for Minecraft 1.7.2 blocks.
15-05-16 19:49:28 [INFO] [NoCheatPlus] Added block-info for Minecraft 1.8 blocks.
15-05-16 19:49:28 [INFO] [NoCheatPlus] Inventory checks: FastConsume is available, disabled InstantEat.
15-05-16 19:49:28 [INFO] Adding packet level hooks for ProtocolLib (MC 1.8.3)...
15-05-16 19:49:28 [INFO] [NoCheatPlus] Available (and activated) packet level hooks: FlyingFrequency | KeepAliveFrequency | SoundDistance
15-05-16 19:49:28 [INFO] [NoCheatPlus] Version 3.12.1-SNAPSHOT-sMD5NET-b816 is enabled.
15-05-16 19:49:31 [INFO] [NoCheatPlus] Post-enable running...
15-05-16 19:49:31 [INFO] [NoCheatPlus] Post-enable finished.
15-05-16 19:49:31 [INFO] ---- Version information ----
#### Server ####
git-Spigot-dbe012b-63e28b1 (MC: 1.8.3)
(detected: 1.8.3)
#### NoCheatPlus ####
Plugin: 3.12.1-SNAPSHOT-sMD5NET-b816
MCAccess: 1.8.3 / Spigot-CB-DEV
Features:
  blocks: BlocksMC1_4(base) | BlocksMC1_5 | BlocksMC1_6_1 | BlocksMC1_7_2 | BlocksMC1_8
  checks: FastConsume | Gutenberg | FlyingFrequency | KeepAliveFrequency | SoundDistance
  defaults: pvpKnockBackVelocity
15-05-16 20:13:18 [FINE] | canceldead 0 | illegalitem 0 | boatsanywhere 0 | throwenderpearl 0 | fakeinvulnerable 0 | eggonentity 0 | event.player.move.handled 3560 (3560/0) | event.player.move.handled.pos 1674 (1674/0) | event.player.move.handled.look 206 (206/0) | event.player.move.handled.pos_look 1680 (1680/0) | packet.flying.nullplayer 0 | packet.flying.handled 15372 (0/15372) | packet.flying.asynchronous 15372 (0/15372) |
15-05-16 20:13:18 [INFO] Logger started.
15-05-16 20:13:18 [INFO] [NoCheatPlus] Logging system initialized.
15-05-16 20:13:18 [INFO] [NoCheatPlus] Detected Minecraft version: 1.8.3
15-05-16 20:13:20 [INFO] [NoCheatPlus] McAccess set to: 1.8.3 / Spigot-CB-DEV
15-05-16 20:13:20 [INFO] [NoCheatPlus] Added block-info for Minecraft 1.5 blocks.
15-05-16 20:13:20 [INFO] [NoCheatPlus] Added block-info for Minecraft 1.6.1 blocks.
15-05-16 20:13:20 [INFO] [NoCheatPlus] Added block-info for Minecraft 1.7.2 blocks.
15-05-16 20:13:20 [INFO] [NoCheatPlus] Added block-info for Minecraft 1.8 blocks.
15-05-16 20:13:20 [INFO] [NoCheatPlus] Inventory checks: FastConsume is available, disabled InstantEat.
15-05-16 20:13:20 [INFO] Adding packet level hooks for ProtocolLib (MC 1.8.3)...
15-05-16 20:13:20 [INFO] [NoCheatPlus] Available (and activated) packet level hooks: FlyingFrequency | KeepAliveFrequency | SoundDistance
15-05-16 20:13:20 [INFO] [NoCheatPlus] Version 3.12.1-SNAPSHOT-sMD5NET-b816 is enabled.
15-05-16 20:13:24 [INFO] [NoCheatPlus] Post-enable running...
15-05-16 20:13:24 [INFO] [NoCheatPlus] Post-enable finished.
15-05-16 20:13:25 [INFO] ---- Version information ----
#### Server ####
git-Spigot-dbe012b-63e28b1 (MC: 1.8.3)
(detected: 1.8.3)
#### NoCheatPlus ####
Plugin: 3.12.1-SNAPSHOT-sMD5NET-b816
MCAccess: 1.8.3 / Spigot-CB-DEV
Features:
  blocks: BlocksMC1_4(base) | BlocksMC1_5 | BlocksMC1_6_1 | BlocksMC1_7_2 | BlocksMC1_8
  checks: FastConsume | Gutenberg | FlyingFrequency | KeepAliveFrequency | SoundDistance
  defaults: pvpKnockBackVelocity
15-05-16 20:16:51 [FINE] | canceldead 0 | illegalitem 0 | boatsanywhere 0 | throwenderpearl 0 | fakeinvulnerable 0 | eggonentity 0 | event.player.move.handled 120 (120/0) | event.player.move.handled.pos 102 (102/0) | event.player.move.handled.look 12 (12/0) | event.player.move.handled.pos_look 6 (6/0) | packet.flying.nullplayer 0 | packet.flying.handled 3906 (0/3906) | packet.flying.asynchronous 3906 (0/3906) |
15-05-16 20:16:58 [INFO] Logger started.
15-05-16 20:16:58 [INFO] [NoCheatPlus] Logging system initialized.
15-05-16 20:16:58 [INFO] [NoCheatPlus] Detected Minecraft version: 1.8.3
15-05-16 20:17:02 [INFO] [NoCheatPlus] McAccess set to: 1.8.3 / Spigot-CB-DEV
15-05-16 20:17:02 [INFO] [NoCheatPlus] Added block-info for Minecraft 1.5 blocks.
15-05-16 20:17:02 [INFO] [NoCheatPlus] Added block-info for Minecraft 1.6.1 blocks.
15-05-16 20:17:02 [INFO] [NoCheatPlus] Added block-info for Minecraft 1.7.2 blocks.
15-05-16 20:17:02 [INFO] [NoCheatPlus] Added block-info for Minecraft 1.8 blocks.
15-05-16 20:17:02 [INFO] [NoCheatPlus] Inventory checks: FastConsume is available, disabled InstantEat.
15-05-16 20:17:02 [INFO] Adding packet level hooks for ProtocolLib (MC 1.8.3)...
15-05-16 20:17:02 [INFO] [NoCheatPlus] Available (and activated) packet level hooks: FlyingFrequency | KeepAliveFrequency | SoundDistance
15-05-16 20:17:02 [INFO] [NoCheatPlus] Version 3.12.1-SNAPSHOT-sMD5NET-b816 is enabled.
15-05-16 20:17:05 [INFO] [NoCheatPlus] Post-enable running...
15-05-16 20:17:05 [INFO] [NoCheatPlus] Post-enable finished.
15-05-16 20:17:05 [INFO] ---- Version information ----
#### Server ####
git-Spigot-dbe012b-63e28b1 (MC: 1.8.3)
(detected: 1.8.3)
#### NoCheatPlus ####
Plugin: 3.12.1-SNAPSHOT-sMD5NET-b816
MCAccess: 1.8.3 / Spigot-CB-DEV
Features:
  blocks: BlocksMC1_4(base) | BlocksMC1_5 | BlocksMC1_6_1 | BlocksMC1_7_2 | BlocksMC1_8
  checks: FastConsume | Gutenberg | FlyingFrequency | KeepAliveFrequency | SoundDistance
  defaults: pvpKnockBackVelocity
15-05-17 08:03:32 [FINE] | canceldead 0 | illegalitem 0 | boatsanywhere 0 | throwenderpearl 0 | fakeinvulnerable 0 | eggonentity 0 | event.player.move.handled 533 (533/0) | event.player.move.handled.pos 309 (309/0) | event.player.move.handled.look 13 (13/0) | event.player.move.handled.pos_look 211 (211/0) | packet.flying.nullplayer 0 | packet.flying.handled 3876 (0/3876) | packet.flying.asynchronous 3876 (0/3876) |
15-05-17 08:03:39 [INFO] Logger started.
15-05-17 08:03:39 [INFO] [NoCheatPlus] Logging system initialized.
15-05-17 08:03:39 [INFO] [NoCheatPlus] Detected Minecraft version: 1.8.3
15-05-17 08:03:43 [INFO] [NoCheatPlus] McAccess set to: 1.8.3 / Spigot-CB-DEV
15-05-17 08:03:43 [INFO] [NoCheatPlus] Added block-info for Minecraft 1.5 blocks.
15-05-17 08:03:43 [INFO] [NoCheatPlus] Added block-info for Minecraft 1.6.1 blocks.
15-05-17 08:03:43 [INFO] [NoCheatPlus] Added block-info for Minecraft 1.7.2 blocks.
15-05-17 08:03:43 [INFO] [NoCheatPlus] Added block-info for Minecraft 1.8 blocks.
15-05-17 08:03:43 [INFO] [NoCheatPlus] Inventory checks: FastConsume is available, disabled InstantEat.
15-05-17 08:03:43 [INFO] Adding packet level hooks for ProtocolLib (MC 1.8.3)...
15-05-17 08:03:43 [INFO] [NoCheatPlus] Available (and activated) packet level hooks: FlyingFrequency | KeepAliveFrequency | SoundDistance
15-05-17 08:03:43 [INFO] [NoCheatPlus] Version 3.12.1-SNAPSHOT-sMD5NET-b816 is enabled.
15-05-17 08:03:45 [INFO] [NoCheatPlus] Post-enable running...
15-05-17 08:03:45 [INFO] [NoCheatPlus] Post-enable finished.
15-05-17 08:03:45 [INFO] ---- Version information ----
#### Server ####
git-Spigot-dbe012b-63e28b1 (MC: 1.8.3)
(detected: 1.8.3)
#### NoCheatPlus ####
Plugin: 3.12.1-SNAPSHOT-sMD5NET-b816
MCAccess: 1.8.3 / Spigot-CB-DEV
Features:
  blocks: BlocksMC1_4(base) | BlocksMC1_5 | BlocksMC1_6_1 | BlocksMC1_7_2 | BlocksMC1_8
  checks: FastConsume | Gutenberg | FlyingFrequency | KeepAliveFrequency | SoundDistance
  defaults: pvpKnockBackVelocity
15-05-17 08:05:46 [FINE] | canceldead 0 | illegalitem 0 | boatsanywhere 0 | throwenderpearl 0 | fakeinvulnerable 0 | eggonentity 0 | event.player.move.handled 92 (92/0) | event.player.move.handled.pos 29 (29/0) | event.player.move.handled.look 7 (7/0) | event.player.move.handled.pos_look 56 (56/0) | packet.flying.nullplayer 0 | packet.flying.handled 615 (0/615) | packet.flying.asynchronous 615 (0/615) |
15-05-17 08:05:53 [INFO] Logger started.
15-05-17 08:05:53 [INFO] [NoCheatPlus] Logging system initialized.
15-05-17 08:05:53 [INFO] [NoCheatPlus] Detected Minecraft version: 1.8.3
15-05-17 08:05:56 [INFO] [NoCheatPlus] McAccess set to: 1.8.3 / Spigot-CB-DEV
15-05-17 08:05:56 [INFO] [NoCheatPlus] Added block-info for Minecraft 1.5 blocks.
15-05-17 08:05:56 [INFO] [NoCheatPlus] Added block-info for Minecraft 1.6.1 blocks.
15-05-17 08:05:56 [INFO] [NoCheatPlus] Added block-info for Minecraft 1.7.2 blocks.
15-05-17 08:05:56 [INFO] [NoCheatPlus] Added block-info for Minecraft 1.8 blocks.
15-05-17 08:05:56 [INFO] [NoCheatPlus] Inventory checks: FastConsume is available, disabled InstantEat.
15-05-17 08:05:56 [INFO] Adding packet level hooks for ProtocolLib (MC 1.8.3)...
15-05-17 08:05:56 [INFO] [NoCheatPlus] Available (and activated) packet level hooks: FlyingFrequency | KeepAliveFrequency | SoundDistance
15-05-17 08:05:56 [INFO] [NoCheatPlus] Version 3.12.1-SNAPSHOT-sMD5NET-b816 is enabled.
15-05-17 08:05:59 [INFO] [NoCheatPlus] Post-enable running...
15-05-17 08:05:59 [INFO] [NoCheatPlus] Post-enable finished.
15-05-17 08:05:59 [INFO] ---- Version information ----
#### Server ####
git-Spigot-dbe012b-63e28b1 (MC: 1.8.3)
(detected: 1.8.3)
#### NoCheatPlus ####
Plugin: 3.12.1-SNAPSHOT-sMD5NET-b816
MCAccess: 1.8.3 / Spigot-CB-DEV
Features:
  blocks: BlocksMC1_4(base) | BlocksMC1_5 | BlocksMC1_6_1 | BlocksMC1_7_2 | BlocksMC1_8
  checks: FastConsume | Gutenberg | FlyingFrequency | KeepAliveFrequency | SoundDistance
  defaults: pvpKnockBackVelocity
15-05-17 08:06:12 [FINE] | canceldead 0 | illegalitem 0 | boatsanywhere 0 | throwenderpearl 0 | fakeinvulnerable 0 | eggonentity 0 | event.player.move.handled 1 (1/0) | event.player.move.handled.pos 0 | event.player.move.handled.look 1 (1/0) | event.player.move.handled.pos_look 0 | packet.flying.nullplayer 0 | packet.flying.handled 107 (0/107) | packet.flying.asynchronous 107 (0/107) |
15-05-17 08:06:19 [INFO] Logger started.
15-05-17 08:06:19 [INFO] [NoCheatPlus] Logging system initialized.
15-05-17 08:06:19 [INFO] [NoCheatPlus] Detected Minecraft version: 1.8.3
15-05-17 08:06:23 [INFO] [NoCheatPlus] McAccess set to: 1.8.3 / Spigot-CB-DEV
15-05-17 08:06:23 [INFO] [NoCheatPlus] Added block-info for Minecraft 1.5 blocks.
15-05-17 08:06:23 [INFO] [NoCheatPlus] Added block-info for Minecraft 1.6.1 blocks.
15-05-17 08:06:23 [INFO] [NoCheatPlus] Added block-info for Minecraft 1.7.2 blocks.
15-05-17 08:06:23 [INFO] [NoCheatPlus] Added block-info for Minecraft 1.8 blocks.
15-05-17 08:06:23 [INFO] [NoCheatPlus] Inventory checks: FastConsume is available, disabled InstantEat.
15-05-17 08:06:23 [INFO] Adding packet level hooks for ProtocolLib (MC 1.8.3)...
15-05-17 08:06:23 [INFO] [NoCheatPlus] Available (and activated) packet level hooks: FlyingFrequency | KeepAliveFrequency | SoundDistance
15-05-17 08:06:23 [INFO] [NoCheatPlus] Version 3.12.1-SNAPSHOT-sMD5NET-b816 is enabled.
15-05-17 08:06:25 [INFO] [NoCheatPlus] Post-enable running...
15-05-17 08:06:25 [INFO] [NoCheatPlus] Post-enable finished.
15-05-17 08:06:25 [INFO] ---- Version information ----
#### Server ####
git-Spigot-dbe012b-63e28b1 (MC: 1.8.3)
(detected: 1.8.3)
#### NoCheatPlus ####
Plugin: 3.12.1-SNAPSHOT-sMD5NET-b816
MCAccess: 1.8.3 / Spigot-CB-DEV
Features:
  blocks: BlocksMC1_4(base) | BlocksMC1_5 | BlocksMC1_6_1 | BlocksMC1_7_2 | BlocksMC1_8
  checks: FastConsume | Gutenberg | FlyingFrequency | KeepAliveFrequency | SoundDistance
  defaults: pvpKnockBackVelocity
15-05-17 08:14:46 [FINE] | canceldead 0 | illegalitem 0 | boatsanywhere 0 | throwenderpearl 0 | fakeinvulnerable 0 | eggonentity 0 | event.player.move.handled 109 (109/0) | event.player.move.handled.pos 33 (33/0) | event.player.move.handled.look 28 (28/0) | event.player.move.handled.pos_look 48 (48/0) | packet.flying.nullplayer 0 | packet.flying.handled 1396 (0/1396) | packet.flying.asynchronous 1396 (0/1396) |
15-05-17 08:14:54 [INFO] Logger started.
15-05-17 08:14:54 [INFO] [NoCheatPlus] Logging system initialized.
15-05-17 08:14:54 [INFO] [NoCheatPlus] Detected Minecraft version: 1.8.3
15-05-17 08:14:57 [INFO] [NoCheatPlus] McAccess set to: 1.8.3 / Spigot-CB-DEV
15-05-17 08:14:57 [INFO] [NoCheatPlus] Added block-info for Minecraft 1.5 blocks.
15-05-17 08:14:57 [INFO] [NoCheatPlus] Added block-info for Minecraft 1.6.1 blocks.
15-05-17 08:14:57 [INFO] [NoCheatPlus] Added block-info for Minecraft 1.7.2 blocks.
15-05-17 08:14:57 [INFO] [NoCheatPlus] Added block-info for Minecraft 1.8 blocks.
15-05-17 08:14:57 [INFO] [NoCheatPlus] Inventory checks: FastConsume is available, disabled InstantEat.
15-05-17 08:14:57 [INFO] Adding packet level hooks for ProtocolLib (MC 1.8.3)...
15-05-17 08:14:57 [INFO] [NoCheatPlus] Available (and activated) packet level hooks: FlyingFrequency | KeepAliveFrequency | SoundDistance
15-05-17 08:14:57 [INFO] [NoCheatPlus] Version 3.12.1-SNAPSHOT-sMD5NET-b816 is enabled.
15-05-17 08:15:00 [INFO] [NoCheatPlus] Post-enable running...
15-05-17 08:15:00 [INFO] [NoCheatPlus] Post-enable finished.
15-05-17 08:15:00 [INFO] ---- Version information ----
#### Server ####
git-Spigot-dbe012b-63e28b1 (MC: 1.8.3)
(detected: 1.8.3)
#### NoCheatPlus ####
Plugin: 3.12.1-SNAPSHOT-sMD5NET-b816
MCAccess: 1.8.3 / Spigot-CB-DEV
Features:
  blocks: BlocksMC1_4(base) | BlocksMC1_5 | BlocksMC1_6_1 | BlocksMC1_7_2 | BlocksMC1_8
  checks: FastConsume | Gutenberg | FlyingFrequency | KeepAliveFrequency | SoundDistance
  defaults: pvpKnockBackVelocity
15-05-17 08:16:08 [FINE] | canceldead 0 | illegalitem 0 | boatsanywhere 0 | throwenderpearl 0 | fakeinvulnerable 0 | eggonentity 0 | event.player.move.handled 148 (148/0) | event.player.move.handled.pos 108 (108/0) | event.player.move.handled.look 30 (30/0) | event.player.move.handled.pos_look 10 (10/0) | packet.flying.nullplayer 0 | packet.flying.handled 209 (0/209) | packet.flying.asynchronous 209 (0/209) |
15-05-17 08:16:14 [INFO] Logger started.
15-05-17 08:16:14 [INFO] [NoCheatPlus] Logging system initialized.
15-05-17 08:16:14 [INFO] [NoCheatPlus] Detected Minecraft version: 1.8.3
15-05-17 08:16:18 [INFO] [NoCheatPlus] McAccess set to: 1.8.3 / Spigot-CB-DEV
15-05-17 08:16:18 [INFO] [NoCheatPlus] Added block-info for Minecraft 1.5 blocks.
15-05-17 08:16:18 [INFO] [NoCheatPlus] Added block-info for Minecraft 1.6.1 blocks.
15-05-17 08:16:18 [INFO] [NoCheatPlus] Added block-info for Minecraft 1.7.2 blocks.
15-05-17 08:16:18 [INFO] [NoCheatPlus] Added block-info for Minecraft 1.8 blocks.
15-05-17 08:16:19 [INFO] [NoCheatPlus] Inventory checks: FastConsume is available, disabled InstantEat.
15-05-17 08:16:19 [INFO] Adding packet level hooks for ProtocolLib (MC 1.8.3)...
15-05-17 08:16:19 [INFO] [NoCheatPlus] Available (and activated) packet level hooks: FlyingFrequency | KeepAliveFrequency | SoundDistance
15-05-17 08:16:19 [INFO] [NoCheatPlus] Version 3.12.1-SNAPSHOT-sMD5NET-b816 is enabled.
15-05-17 08:16:21 [INFO] [NoCheatPlus] Post-enable running...
15-05-17 08:16:21 [INFO] [NoCheatPlus] Post-enable finished.
15-05-17 08:16:21 [INFO] ---- Version information ----
#### Server ####
git-Spigot-dbe012b-63e28b1 (MC: 1.8.3)
(detected: 1.8.3)
#### NoCheatPlus ####
Plugin: 3.12.1-SNAPSHOT-sMD5NET-b816
MCAccess: 1.8.3 / Spigot-CB-DEV
Features:
  blocks: BlocksMC1_4(base) | BlocksMC1_5 | BlocksMC1_6_1 | BlocksMC1_7_2 | BlocksMC1_8
  checks: FastConsume | Gutenberg | FlyingFrequency | KeepAliveFrequency | SoundDistance
  defaults: pvpKnockBackVelocity
15-05-17 08:20:54 [FINE] | canceldead 0 | illegalitem 0 | boatsanywhere 0 | throwenderpearl 0 | fakeinvulnerable 0 | eggonentity 0 | event.player.move.handled 71 (71/0) | event.player.move.handled.pos 53 (53/0) | event.player.move.handled.look 18 (18/0) | event.player.move.handled.pos_look 0 | packet.flying.nullplayer 0 | packet.flying.handled 3428 (0/3428) | packet.flying.asynchronous 3428 (0/3428) |
15-05-17 08:21:34 [INFO] Logger started.
15-05-17 08:21:34 [INFO] [NoCheatPlus] Logging system initialized.
15-05-17 08:21:34 [INFO] [NoCheatPlus] Detected Minecraft version: 1.8.3
15-05-17 08:21:37 [INFO] [NoCheatPlus] McAccess set to: 1.8.3 / Spigot-CB-DEV
15-05-17 08:21:37 [INFO] [NoCheatPlus] Added block-info for Minecraft 1.5 blocks.
15-05-17 08:21:37 [INFO] [NoCheatPlus] Added block-info for Minecraft 1.6.1 blocks.
15-05-17 08:21:37 [INFO] [NoCheatPlus] Added block-info for Minecraft 1.7.2 blocks.
15-05-17 08:21:37 [INFO] [NoCheatPlus] Added block-info for Minecraft 1.8 blocks.
15-05-17 08:21:38 [INFO] [NoCheatPlus] Inventory checks: FastConsume is available, disabled InstantEat.
15-05-17 08:21:38 [INFO] Adding packet level hooks for ProtocolLib (MC 1.8.3)...
15-05-17 08:21:38 [INFO] [NoCheatPlus] Available (and activated) packet level hooks: FlyingFrequency | KeepAliveFrequency | SoundDistance
15-05-17 08:21:38 [INFO] [NoCheatPlus] Version 3.12.1-SNAPSHOT-sMD5NET-b816 is enabled.
15-05-17 08:21:40 [INFO] [NoCheatPlus] Post-enable running...
15-05-17 08:21:40 [INFO] [NoCheatPlus] Post-enable finished.
15-05-17 08:21:40 [INFO] ---- Version information ----
#### Server ####
git-Spigot-dbe012b-63e28b1 (MC: 1.8.3)
(detected: 1.8.3)
#### NoCheatPlus ####
Plugin: 3.12.1-SNAPSHOT-sMD5NET-b816
MCAccess: 1.8.3 / Spigot-CB-DEV
Features:
  blocks: BlocksMC1_4(base) | BlocksMC1_5 | BlocksMC1_6_1 | BlocksMC1_7_2 | BlocksMC1_8
  checks: FastConsume | Gutenberg | FlyingFrequency | KeepAliveFrequency | SoundDistance
  defaults: pvpKnockBackVelocity
15-05-17 08:21:41 [FINE] | canceldead 0 | illegalitem 0 | boatsanywhere 0 | throwenderpearl 0 | fakeinvulnerable 0 | eggonentity 0 | event.player.move.handled 0 | event.player.move.handled.pos 0 | event.player.move.handled.look 0 | event.player.move.handled.pos_look 0 | packet.flying.nullplayer 0 | packet.flying.handled 0 | packet.flying.asynchronous 0 |
15-05-17 08:24:19 [INFO] Logger started.
15-05-17 08:24:19 [INFO] [NoCheatPlus] Logging system initialized.
15-05-17 08:24:19 [INFO] [NoCheatPlus] Detected Minecraft version: 1.8.3
15-05-17 08:24:23 [INFO] [NoCheatPlus] McAccess set to: 1.8.3 / Spigot-CB-DEV
15-05-17 08:24:23 [INFO] [NoCheatPlus] Added block-info for Minecraft 1.5 blocks.
15-05-17 08:24:23 [INFO] [NoCheatPlus] Added block-info for Minecraft 1.6.1 blocks.
15-05-17 08:24:23 [INFO] [NoCheatPlus] Added block-info for Minecraft 1.7.2 blocks.
15-05-17 08:24:23 [INFO] [NoCheatPlus] Added block-info for Minecraft 1.8 blocks.
15-05-17 08:24:24 [INFO] [NoCheatPlus] Inventory checks: FastConsume is available, disabled InstantEat.
15-05-17 08:24:24 [INFO] Adding packet level hooks for ProtocolLib (MC 1.8.3)...
15-05-17 08:24:24 [INFO] [NoCheatPlus] Available (and activated) packet level hooks: FlyingFrequency | KeepAliveFrequency | SoundDistance
15-05-17 08:24:24 [INFO] [NoCheatPlus] Version 3.12.1-SNAPSHOT-sMD5NET-b816 is enabled.
15-05-17 08:24:26 [INFO] [NoCheatPlus] Post-enable running...
15-05-17 08:24:26 [INFO] [NoCheatPlus] Post-enable finished.
15-05-17 08:24:26 [INFO] ---- Version information ----
#### Server ####
git-Spigot-dbe012b-63e28b1 (MC: 1.8.3)
(detected: 1.8.3)
#### NoCheatPlus ####
Plugin: 3.12.1-SNAPSHOT-sMD5NET-b816
MCAccess: 1.8.3 / Spigot-CB-DEV
Features:
  blocks: BlocksMC1_4(base) | BlocksMC1_5 | BlocksMC1_6_1 | BlocksMC1_7_2 | BlocksMC1_8
  checks: FastConsume | Gutenberg | FlyingFrequency | KeepAliveFrequency | SoundDistance
  defaults: pvpKnockBackVelocity
15-05-17 09:32:48 [FINE] | canceldead 0 | illegalitem 0 | boatsanywhere 0 | throwenderpearl 0 | fakeinvulnerable 0 | eggonentity 0 | event.player.move.handled 5 (5/0) | event.player.move.handled.pos 5 (5/0) | event.player.move.handled.look 0 | event.player.move.handled.pos_look 0 | packet.flying.nullplayer 0 | packet.flying.handled 101 (0/101) | packet.flying.asynchronous 101 (0/101) |
15-05-17 09:32:54 [INFO] Logger started.
15-05-17 09:32:54 [INFO] [NoCheatPlus] Logging system initialized.
15-05-17 09:32:54 [INFO] [NoCheatPlus] Detected Minecraft version: 1.8.3
15-05-17 09:32:57 [INFO] [NoCheatPlus] McAccess set to: 1.8.3 / Spigot-CB-DEV
15-05-17 09:32:57 [INFO] [NoCheatPlus] Added block-info for Minecraft 1.5 blocks.
15-05-17 09:32:57 [INFO] [NoCheatPlus] Added block-info for Minecraft 1.6.1 blocks.
15-05-17 09:32:57 [INFO] [NoCheatPlus] Added block-info for Minecraft 1.7.2 blocks.
15-05-17 09:32:57 [INFO] [NoCheatPlus] Added block-info for Minecraft 1.8 blocks.
15-05-17 09:32:58 [INFO] [NoCheatPlus] Inventory checks: FastConsume is available, disabled InstantEat.
15-05-17 09:32:58 [INFO] Adding packet level hooks for ProtocolLib (MC 1.8.3)...
15-05-17 09:32:58 [INFO] [NoCheatPlus] Available (and activated) packet level hooks: FlyingFrequency | KeepAliveFrequency | SoundDistance
15-05-17 09:32:58 [INFO] [NoCheatPlus] Version 3.12.1-SNAPSHOT-sMD5NET-b816 is enabled.
15-05-17 09:33:00 [INFO] [NoCheatPlus] Post-enable running...
15-05-17 09:33:01 [INFO] [NoCheatPlus] Post-enable finished.
15-05-17 09:33:01 [INFO] ---- Version information ----
#### Server ####
git-Spigot-dbe012b-63e28b1 (MC: 1.8.3)
(detected: 1.8.3)
#### NoCheatPlus ####
Plugin: 3.12.1-SNAPSHOT-sMD5NET-b816
MCAccess: 1.8.3 / Spigot-CB-DEV
Features:
  blocks: BlocksMC1_4(base) | BlocksMC1_5 | BlocksMC1_6_1 | BlocksMC1_7_2 | BlocksMC1_8
  checks: FastConsume | Gutenberg | FlyingFrequency | KeepAliveFrequency | SoundDistance
  defaults: pvpKnockBackVelocity
15-05-17 09:36:43 [FINE] | canceldead 0 | illegalitem 0 | boatsanywhere 0 | throwenderpearl 0 | fakeinvulnerable 0 | eggonentity 0 | event.player.move.handled 207 (207/0) | event.player.move.handled.pos 133 (133/0) | event.player.move.handled.look 17 (17/0) | event.player.move.handled.pos_look 57 (57/0) | packet.flying.nullplayer 0 | packet.flying.handled 1577 (0/1577) | packet.flying.asynchronous 1577 (0/1577) |
15-05-17 09:36:59 [INFO] Logger started.
15-05-17 09:36:59 [INFO] [NoCheatPlus] Logging system initialized.
15-05-17 09:36:59 [INFO] [NoCheatPlus] Detected Minecraft version: 1.8.3
15-05-17 09:37:03 [INFO] [NoCheatPlus] McAccess set to: 1.8.3 / Spigot-CB-DEV
15-05-17 09:37:03 [INFO] [NoCheatPlus] Added block-info for Minecraft 1.5 blocks.
15-05-17 09:37:03 [INFO] [NoCheatPlus] Added block-info for Minecraft 1.6.1 blocks.
15-05-17 09:37:03 [INFO] [NoCheatPlus] Added block-info for Minecraft 1.7.2 blocks.
15-05-17 09:37:03 [INFO] [NoCheatPlus] Added block-info for Minecraft 1.8 blocks.
15-05-17 09:37:03 [INFO] [NoCheatPlus] Inventory checks: FastConsume is available, disabled InstantEat.
15-05-17 09:37:03 [INFO] Adding packet level hooks for ProtocolLib (MC 1.8.3)...
15-05-17 09:37:03 [INFO] [NoCheatPlus] Available (and activated) packet level hooks: FlyingFrequency | KeepAliveFrequency | SoundDistance
15-05-17 09:37:03 [INFO] [NoCheatPlus] Version 3.12.1-SNAPSHOT-sMD5NET-b816 is enabled.
15-05-17 09:37:06 [INFO] [NoCheatPlus] Post-enable running...
15-05-17 09:37:06 [INFO] [NoCheatPlus] Post-enable finished.
15-05-17 09:37:06 [INFO] ---- Version information ----
#### Server ####
git-Spigot-dbe012b-63e28b1 (MC: 1.8.3)
(detected: 1.8.3)
#### NoCheatPlus ####
Plugin: 3.12.1-SNAPSHOT-sMD5NET-b816
MCAccess: 1.8.3 / Spigot-CB-DEV
Features:
  blocks: BlocksMC1_4(base) | BlocksMC1_5 | BlocksMC1_6_1 | BlocksMC1_7_2 | BlocksMC1_8
  checks: FastConsume | Gutenberg | FlyingFrequency | KeepAliveFrequency | SoundDistance
  defaults: pvpKnockBackVelocity
15-05-17 10:15:31 [INFO] Logger started.
15-05-17 10:15:31 [INFO] [NoCheatPlus] Logging system initialized.
15-05-17 10:15:31 [INFO] [NoCheatPlus] Detected Minecraft version: 1.8.3
15-05-17 10:15:45 [INFO] [NoCheatPlus] McAccess set to: 1.8.3 / Spigot-CB-DEV
15-05-17 10:15:45 [INFO] [NoCheatPlus] Added block-info for Minecraft 1.5 blocks.
15-05-17 10:15:45 [INFO] [NoCheatPlus] Added block-info for Minecraft 1.6.1 blocks.
15-05-17 10:15:45 [INFO] [NoCheatPlus] Added block-info for Minecraft 1.7.2 blocks.
15-05-17 10:15:45 [INFO] [NoCheatPlus] Added block-info for Minecraft 1.8 blocks.
15-05-17 10:15:45 [INFO] [NoCheatPlus] Inventory checks: FastConsume is available, disabled InstantEat.
15-05-17 10:15:45 [INFO] Adding packet level hooks for ProtocolLib (MC 1.8.3)...
15-05-17 10:15:45 [INFO] [NoCheatPlus] Available (and activated) packet level hooks: FlyingFrequency | KeepAliveFrequency | SoundDistance
15-05-17 10:15:45 [INFO] [NoCheatPlus] Version 3.12.1-SNAPSHOT-sMD5NET-b816 is enabled.
15-05-17 10:15:49 [INFO] [NoCheatPlus] Post-enable running...
15-05-17 10:15:49 [INFO] [NoCheatPlus] Post-enable finished.
15-05-17 10:15:49 [INFO] ---- Version information ----
#### Server ####
git-Spigot-dbe012b-63e28b1 (MC: 1.8.3)
(detected: 1.8.3)
#### NoCheatPlus ####
Plugin: 3.12.1-SNAPSHOT-sMD5NET-b816
MCAccess: 1.8.3 / Spigot-CB-DEV
Features:
  blocks: BlocksMC1_4(base) | BlocksMC1_5 | BlocksMC1_6_1 | BlocksMC1_7_2 | BlocksMC1_8
  checks: FastConsume | Gutenberg | FlyingFrequency | KeepAliveFrequency | SoundDistance
  defaults: pvpKnockBackVelocity
15-05-17 12:57:44 [FINE] | canceldead 0 | illegalitem 0 | boatsanywhere 0 | throwenderpearl 0 | fakeinvulnerable 0 | eggonentity 0 | event.player.move.handled 6481 (6481/0) | event.player.move.handled.pos 3912 (3912/0) | event.player.move.handled.look 454 (454/0) | event.player.move.handled.pos_look 2115 (2115/0) | packet.flying.nullplayer 0 | packet.flying.handled 242761 (0/242761) | packet.flying.asynchronous 242156 (0/242156) |
15-05-17 12:57:50 [INFO] Logger started.
15-05-17 12:57:50 [INFO] [NoCheatPlus] Logging system initialized.
15-05-17 12:57:50 [INFO] [NoCheatPlus] Detected Minecraft version: 1.8.3
15-05-17 12:57:57 [INFO] [NoCheatPlus] McAccess set to: 1.8.3 / Spigot-CB-DEV
15-05-17 12:57:57 [INFO] [NoCheatPlus] Added block-info for Minecraft 1.5 blocks.
15-05-17 12:57:57 [INFO] [NoCheatPlus] Added block-info for Minecraft 1.6.1 blocks.
15-05-17 12:57:57 [INFO] [NoCheatPlus] Added block-info for Minecraft 1.7.2 blocks.
15-05-17 12:57:57 [INFO] [NoCheatPlus] Added block-info for Minecraft 1.8 blocks.
15-05-17 12:57:58 [INFO] [NoCheatPlus] Inventory checks: FastConsume is available, disabled InstantEat.
15-05-17 12:57:58 [INFO] Adding packet level hooks for ProtocolLib (MC 1.8.3)...
15-05-17 12:57:58 [INFO] [NoCheatPlus] Available (and activated) packet level hooks: FlyingFrequency | KeepAliveFrequency | SoundDistance
15-05-17 12:57:58 [INFO] [NoCheatPlus] Version 3.12.1-SNAPSHOT-sMD5NET-b816 is enabled.
15-05-17 12:58:03 [INFO] [NoCheatPlus] Post-enable running...
15-05-17 12:58:03 [INFO] [NoCheatPlus] Post-enable finished.
15-05-17 12:58:03 [INFO] ---- Version information ----
#### Server ####
git-Spigot-dbe012b-63e28b1 (MC: 1.8.3)
(detected: 1.8.3)
#### NoCheatPlus ####
Plugin: 3.12.1-SNAPSHOT-sMD5NET-b816
MCAccess: 1.8.3 / Spigot-CB-DEV
Features:
  blocks: BlocksMC1_4(base) | BlocksMC1_5 | BlocksMC1_6_1 | BlocksMC1_7_2 | BlocksMC1_8
  checks: FastConsume | Gutenberg | FlyingFrequency | KeepAliveFrequency | SoundDistance
  defaults: pvpKnockBackVelocity
15-05-17 14:03:40 [FINE] | canceldead 0 | illegalitem 0 | boatsanywhere 0 | throwenderpearl 0 | fakeinvulnerable 0 | eggonentity 0 | event.player.move.handled 9306 (9306/0) | event.player.move.handled.pos 3041 (3041/0) | event.player.move.handled.look 1182 (1182/0) | event.player.move.handled.pos_look 5083 (5083/0) | packet.flying.nullplayer 0 | packet.flying.handled 45128 (0/45128) | packet.flying.asynchronous 45128 (0/45128) |
15-05-17 14:03:46 [INFO] Logger started.
15-05-17 14:03:46 [INFO] [NoCheatPlus] Logging system initialized.
15-05-17 14:03:46 [INFO] [NoCheatPlus] Detected Minecraft version: 1.8.3
15-05-17 14:03:54 [INFO] [NoCheatPlus] McAccess set to: 1.8.3 / Spigot-CB-DEV
15-05-17 14:03:54 [INFO] [NoCheatPlus] Added block-info for Minecraft 1.5 blocks.
15-05-17 14:03:54 [INFO] [NoCheatPlus] Added block-info for Minecraft 1.6.1 blocks.
15-05-17 14:03:54 [INFO] [NoCheatPlus] Added block-info for Minecraft 1.7.2 blocks.
15-05-17 14:03:54 [INFO] [NoCheatPlus] Added block-info for Minecraft 1.8 blocks.
15-05-17 14:03:54 [INFO] [NoCheatPlus] Inventory checks: FastConsume is available, disabled InstantEat.
15-05-17 14:03:54 [INFO] Adding packet level hooks for ProtocolLib (MC 1.8.3)...
15-05-17 14:03:54 [INFO] [NoCheatPlus] Available (and activated) packet level hooks: FlyingFrequency | KeepAliveFrequency | SoundDistance
15-05-17 14:03:54 [INFO] [NoCheatPlus] Version 3.12.1-SNAPSHOT-sMD5NET-b816 is enabled.
15-05-17 14:04:00 [INFO] [NoCheatPlus] Post-enable running...
15-05-17 14:04:00 [INFO] [NoCheatPlus] Post-enable finished.
15-05-17 14:04:00 [INFO] ---- Version information ----
#### Server ####
git-Spigot-dbe012b-63e28b1 (MC: 1.8.3)
(detected: 1.8.3)
#### NoCheatPlus ####
Plugin: 3.12.1-SNAPSHOT-sMD5NET-b816
MCAccess: 1.8.3 / Spigot-CB-DEV
Features:
  blocks: BlocksMC1_4(base) | BlocksMC1_5 | BlocksMC1_6_1 | BlocksMC1_7_2 | BlocksMC1_8
  checks: FastConsume | Gutenberg | FlyingFrequency | KeepAliveFrequency | SoundDistance
  defaults: pvpKnockBackVelocity
15-05-17 15:52:15 [FINE] | canceldead 0 | illegalitem 0 | boatsanywhere 0 | throwenderpearl 0 | fakeinvulnerable 0 | eggonentity 0 | event.player.move.handled 18260 (18260/0) | event.player.move.handled.pos 7070 (7070/0) | event.player.move.handled.look 1186 (1186/0) | event.player.move.handled.pos_look 10004 (10004/0) | packet.flying.nullplayer 0 | packet.flying.handled 117148 (0/117148) | packet.flying.asynchronous 117148 (0/117148) |
15-05-17 15:52:23 [INFO] Logger started.
15-05-17 15:52:23 [INFO] [NoCheatPlus] Logging system initialized.
15-05-17 15:52:23 [INFO] [NoCheatPlus] Detected Minecraft version: 1.8.3
15-05-17 15:52:30 [INFO] [NoCheatPlus] McAccess set to: 1.8.3 / Spigot-CB-DEV
15-05-17 15:52:30 [INFO] [NoCheatPlus] Added block-info for Minecraft 1.5 blocks.
15-05-17 15:52:30 [INFO] [NoCheatPlus] Added block-info for Minecraft 1.6.1 blocks.
15-05-17 15:52:30 [INFO] [NoCheatPlus] Added block-info for Minecraft 1.7.2 blocks.
15-05-17 15:52:30 [INFO] [NoCheatPlus] Added block-info for Minecraft 1.8 blocks.
15-05-17 15:52:30 [INFO] [NoCheatPlus] Inventory checks: FastConsume is available, disabled InstantEat.
15-05-17 15:52:30 [INFO] Adding packet level hooks for ProtocolLib (MC 1.8.3)...
15-05-17 15:52:30 [INFO] [NoCheatPlus] Available (and activated) packet level hooks: FlyingFrequency | KeepAliveFrequency | SoundDistance
15-05-17 15:52:30 [INFO] [NoCheatPlus] Version 3.12.1-SNAPSHOT-sMD5NET-b816 is enabled.
15-05-17 15:52:35 [INFO] [NoCheatPlus] Post-enable running...
15-05-17 15:52:35 [INFO] [NoCheatPlus] Post-enable finished.
15-05-17 15:52:35 [INFO] ---- Version information ----
#### Server ####
git-Spigot-dbe012b-63e28b1 (MC: 1.8.3)
(detected: 1.8.3)
#### NoCheatPlus ####
Plugin: 3.12.1-SNAPSHOT-sMD5NET-b816
MCAccess: 1.8.3 / Spigot-CB-DEV
Features:
  blocks: BlocksMC1_4(base) | BlocksMC1_5 | BlocksMC1_6_1 | BlocksMC1_7_2 | BlocksMC1_8
  checks: FastConsume | Gutenberg | FlyingFrequency | KeepAliveFrequency | SoundDistance
  defaults: pvpKnockBackVelocity
15-05-17 15:54:23 [FINE] | canceldead 0 | illegalitem 0 | boatsanywhere 0 | throwenderpearl 0 | fakeinvulnerable 0 | eggonentity 0 | event.player.move.handled 251 (251/0) | event.player.move.handled.pos 99 (99/0) | event.player.move.handled.look 14 (14/0) | event.player.move.handled.pos_look 138 (138/0) | packet.flying.nullplayer 0 | packet.flying.handled 1592 (0/1592) | packet.flying.asynchronous 1592 (0/1592) |
15-05-17 15:54:30 [INFO] Logger started.
15-05-17 15:54:30 [INFO] [NoCheatPlus] Logging system initialized.
15-05-17 15:54:30 [INFO] [NoCheatPlus] Detected Minecraft version: 1.8.3
15-05-17 15:54:39 [INFO] [NoCheatPlus] McAccess set to: 1.8.3 / Spigot-CB-DEV
15-05-17 15:54:39 [INFO] [NoCheatPlus] Added block-info for Minecraft 1.5 blocks.
15-05-17 15:54:39 [INFO] [NoCheatPlus] Added block-info for Minecraft 1.6.1 blocks.
15-05-17 15:54:39 [INFO] [NoCheatPlus] Added block-info for Minecraft 1.7.2 blocks.
15-05-17 15:54:39 [INFO] [NoCheatPlus] Added block-info for Minecraft 1.8 blocks.
15-05-17 15:54:39 [INFO] [NoCheatPlus] Inventory checks: FastConsume is available, disabled InstantEat.
15-05-17 15:54:39 [INFO] Adding packet level hooks for ProtocolLib (MC 1.8.3)...
15-05-17 15:54:39 [INFO] [NoCheatPlus] Available (and activated) packet level hooks: FlyingFrequency | KeepAliveFrequency | SoundDistance
15-05-17 15:54:39 [INFO] [NoCheatPlus] Version 3.12.1-SNAPSHOT-sMD5NET-b816 is enabled.
15-05-17 15:54:44 [INFO] [NoCheatPlus] Post-enable running...
15-05-17 15:54:44 [INFO] [NoCheatPlus] Post-enable finished.
15-05-17 15:54:44 [INFO] ---- Version information ----
#### Server ####
git-Spigot-dbe012b-63e28b1 (MC: 1.8.3)
(detected: 1.8.3)
#### NoCheatPlus ####
Plugin: 3.12.1-SNAPSHOT-sMD5NET-b816
MCAccess: 1.8.3 / Spigot-CB-DEV
Features:
  blocks: BlocksMC1_4(base) | BlocksMC1_5 | BlocksMC1_6_1 | BlocksMC1_7_2 | BlocksMC1_8
  checks: FastConsume | Gutenberg | FlyingFrequency | KeepAliveFrequency | SoundDistance
  defaults: pvpKnockBackVelocity
15-05-17 16:59:46 [INFO] PeaceLovenLama failed Passable: moved into a block (33) from -224.00, 101.00, 271.00 to -224.00, 100.51, 271.00 distance 0.49 . VL 10.
15-05-17 17:00:18 [INFO] PeaceLovenLama failed MorePackets: sent too many moves (10 epsacc). VL 10.
15-05-17 17:00:19 [INFO] xNdog831x failed MorePackets: sent too many moves (10 epsacc). VL 10.
15-05-17 17:00:21 [INFO] xNdog831x failed MorePackets: sent too many moves (39 epsacc). VL 39.
15-05-17 17:00:21 [INFO] PeaceLovenLama failed MorePackets: sent too many moves (30 epsacc). VL 30.
15-05-17 17:07:57 [FINE] | canceldead 0 | illegalitem 0 | boatsanywhere 0 | throwenderpearl 0 | fakeinvulnerable 0 | eggonentity 0 | event.player.move.handled 38657 (38657/0) | event.player.move.handled.pos 14413 (14413/0) | event.player.move.handled.look 1675 (1675/0) | event.player.move.handled.pos_look 22569 (22569/0) | packet.flying.nullplayer 0 | packet.flying.handled 57082 (0/57082) | packet.flying.asynchronous 57082 (0/57082) |
15-05-17 17:08:14 [INFO] Logger started.
15-05-17 17:08:14 [INFO] [NoCheatPlus] Logging system initialized.
15-05-17 17:08:14 [INFO] [NoCheatPlus] Detected Minecraft version: 1.8.3
15-05-17 17:08:21 [INFO] [NoCheatPlus] McAccess set to: 1.8.3 / Spigot-CB-DEV
15-05-17 17:08:21 [INFO] [NoCheatPlus] Added block-info for Minecraft 1.5 blocks.
15-05-17 17:08:21 [INFO] [NoCheatPlus] Added block-info for Minecraft 1.6.1 blocks.
15-05-17 17:08:21 [INFO] [NoCheatPlus] Added block-info for Minecraft 1.7.2 blocks.
15-05-17 17:08:21 [INFO] [NoCheatPlus] Added block-info for Minecraft 1.8 blocks.
15-05-17 17:08:21 [INFO] [NoCheatPlus] Inventory checks: FastConsume is available, disabled InstantEat.
15-05-17 17:08:21 [INFO] Adding packet level hooks for ProtocolLib (MC 1.8.3)...
15-05-17 17:08:21 [INFO] [NoCheatPlus] Available (and activated) packet level hooks: FlyingFrequency | KeepAliveFrequency | SoundDistance
15-05-17 17:08:21 [INFO] [NoCheatPlus] Version 3.12.1-SNAPSHOT-sMD5NET-b816 is enabled.
15-05-17 17:08:25 [INFO] [NoCheatPlus] Post-enable running...
15-05-17 17:08:25 [INFO] [NoCheatPlus] Post-enable finished.
15-05-17 17:08:25 [INFO] ---- Version information ----
#### Server ####
git-Spigot-dbe012b-63e28b1 (MC: 1.8.3)
(detected: 1.8.3)
#### NoCheatPlus ####
Plugin: 3.12.1-SNAPSHOT-sMD5NET-b816
MCAccess: 1.8.3 / Spigot-CB-DEV
Features:
  blocks: BlocksMC1_4(base) | BlocksMC1_5 | BlocksMC1_6_1 | BlocksMC1_7_2 | BlocksMC1_8
  checks: FastConsume | Gutenberg | FlyingFrequency | KeepAliveFrequency | SoundDistance
  defaults: pvpKnockBackVelocity
15-05-17 17:30:16 [FINE] | canceldead 0 | illegalitem 0 | boatsanywhere 0 | throwenderpearl 0 | fakeinvulnerable 0 | eggonentity 0 | event.player.move.handled 14494 (14494/0) | event.player.move.handled.pos 7576 (7576/0) | event.player.move.handled.look 997 (997/0) | event.player.move.handled.pos_look 5921 (5921/0) | packet.flying.nullplayer 0 | packet.flying.handled 30425 (0/30425) | packet.flying.asynchronous 30358 (0/30358) |
15-05-17 17:30:16 [INFO] Logger started.
15-05-17 17:30:16 [INFO] [NoCheatPlus] Logging system initialized.
15-05-17 17:30:16 [INFO] [NoCheatPlus] Detected Minecraft version: 1.8.3
15-05-17 17:30:18 [INFO] [NoCheatPlus] McAccess set to: 1.8.3 / Spigot-CB-DEV
15-05-17 17:30:18 [INFO] [NoCheatPlus] Added block-info for Minecraft 1.5 blocks.
15-05-17 17:30:18 [INFO] [NoCheatPlus] Added block-info for Minecraft 1.6.1 blocks.
15-05-17 17:30:18 [INFO] [NoCheatPlus] Added block-info for Minecraft 1.7.2 blocks.
15-05-17 17:30:18 [INFO] [NoCheatPlus] Added block-info for Minecraft 1.8 blocks.
15-05-17 17:30:18 [INFO] [NoCheatPlus] Inventory checks: FastConsume is available, disabled InstantEat.
15-05-17 17:30:18 [INFO] Adding packet level hooks for ProtocolLib (MC 1.8.3)...
15-05-17 17:30:18 [INFO] [NoCheatPlus] Available (and activated) packet level hooks: FlyingFrequency | KeepAliveFrequency | SoundDistance
15-05-17 17:30:18 [INFO] [NoCheatPlus] Version 3.12.1-SNAPSHOT-sMD5NET-b816 is enabled.
15-05-17 17:30:20 [INFO] [NoCheatPlus] Post-enable running...
15-05-17 17:30:20 [INFO] [NoCheatPlus] Post-enable finished.
15-05-17 17:30:21 [INFO] ---- Version information ----
#### Server ####
git-Spigot-dbe012b-63e28b1 (MC: 1.8.3)
(detected: 1.8.3)
#### NoCheatPlus ####
Plugin: 3.12.1-SNAPSHOT-sMD5NET-b816
MCAccess: 1.8.3 / Spigot-CB-DEV
Features:
  blocks: BlocksMC1_4(base) | BlocksMC1_5 | BlocksMC1_6_1 | BlocksMC1_7_2 | BlocksMC1_8
  checks: FastConsume | Gutenberg | FlyingFrequency | KeepAliveFrequency | SoundDistance
  defaults: pvpKnockBackVelocity
