[15:19:05] [Server thread/INFO]: Starting minecraft server version 1.12.2
[15:19:05] [Server thread/INFO]: Loading properties
[15:19:05] [Server thread/INFO]: Default game type: SURVIVAL
[15:19:05] [Server thread/INFO]: This server is running Paper version git-Paper-1618 (MC: 1.12.2) (Implementing API version 1.12.2-R0.1-SNAPSHOT)
[15:19:05] [Server thread/INFO]: Debug logging is disabled
[15:19:05] [Server thread/INFO]: Server Ping Player Sample Count: 12
[15:19:05] [Server thread/INFO]: Using 4 threads for Netty based IO
[15:19:05] [Server thread/INFO]: Generating keypair
[15:19:05] [Server thread/INFO]: Starting Minecraft server on 199.127.63.158:25660
[15:19:05] [Server thread/INFO]: Using epoll channel type
[15:19:06] [Server thread/ERROR]: Ambiguous plugin name `PlaceholderAPI' for files `plugins/PlaceholderAPI-2.10.10.jar' and `plugins/PlaceholderAPI-2.11.1.jar' in `plugins'
[15:19:06] [Server thread/INFO]: Set PluginClassLoader as parallel capable
[15:19:06] [Server thread/INFO]: [WorldEdit] Loading WorldEdit v6.1.9;caf0ad9
[15:19:06] [Server thread/INFO]: [VoidWorld] Loading VoidWorld v1.0
[15:19:06] [Server thread/INFO]: [PlaceholderAPI] Loading PlaceholderAPI v2.10.10
[15:19:06] [Server thread/INFO]: [HolographicDisplays] Loading HolographicDisplays v2.4.9
[15:19:06] [Server thread/INFO]: [LaggRemover] Loading LaggRemover v2.0.6
[15:19:06] [Server thread/INFO]: [Multiverse-Core] Loading Multiverse-Core v2.5.0-b727
[15:19:06] [Server thread/INFO]: [WorldGuard] Loading WorldGuard v6.2.2-SNAPSHOT;8eeab68
[15:19:06] [Server thread/INFO]: [AdvancedPortals] Loading AdvancedPortals v0.0.41
[15:19:06] [Server thread/INFO]: [OldCombatMechanics] Loading OldCombatMechanics v1.10.0
[15:19:06] [Server thread/INFO]: [DeluxeTags] Loading DeluxeTags v1.8.1
[15:19:06] [Server thread/INFO]: [ViaVersion] Loading ViaVersion v4.1.1
[15:19:06] [Server thread/INFO]: [ViaVersion] ViaVersion 4.1.1 is now loaded, injecting!
[15:19:06] [Via-Mappingloader-0/INFO]: [ViaVersion] Loading 1.12 -> 1.13 mappings...
[15:19:06] [Via-Mappingloader-1/INFO]: [ViaVersion] Loading 1.13 -> 1.13.2 mappings...
[15:19:06] [Via-Mappingloader-2/INFO]: [ViaVersion] Loading 1.13.2 -> 1.14 mappings...
[15:19:06] [Via-Mappingloader-3/INFO]: [ViaVersion] Loading 1.14 -> 1.15 mappings...
[15:19:06] [Via-Mappingloader-4/INFO]: [ViaVersion] Loading 1.15 -> 1.16 mappings...
[15:19:06] [Via-Mappingloader-5/INFO]: [ViaVersion] Loading 1.16 -> 1.16.2 mappings...
[15:19:06] [Via-Mappingloader-6/INFO]: [ViaVersion] Loading 1.16.2 -> 1.17 mappings...
[15:19:07] [Via-Mappingloader-7/INFO]: [ViaVersion] Loading 1.17 -> 1.18 mappings...
[15:19:07] [Server thread/INFO]: [ServerListPlus] Loading ServerListPlus v3.4.8
[15:19:07] [Server thread/INFO]: [ViaBackwards] Loading ViaBackwards v4.1.1
[15:19:07] [Server thread/INFO]: [ViaBackwards] Loading translations...
[15:19:07] [Via-Mappingloader-8/INFO]: [ViaBackwards] Loading 1.10 -> 1.9.4 mappings...
[15:19:07] [Via-Mappingloader-1/INFO]: [ViaBackwards] Loading 1.11 -> 1.10 mappings...
[15:19:07] [Via-Mappingloader-0/INFO]: [ViaVersion] Loading block connection mappings ...
[15:19:07] [Via-Mappingloader-6/INFO]: [ViaBackwards] Loading 1.12 -> 1.11 mappings...
[15:19:07] [Via-Mappingloader-5/INFO]: [ViaBackwards] Loading 1.13.2 -> 1.13 mappings...
[15:19:08] [Via-Mappingloader-5/INFO]: [ViaBackwards] Loading 1.14 -> 1.13.2 mappings...
[15:19:08] [Via-Mappingloader-4/INFO]: [ViaBackwards] Loading 1.15 -> 1.14 mappings...
[15:19:08] [Via-Mappingloader-2/INFO]: [ViaBackwards] Loading 1.16 -> 1.15 mappings...
[15:19:08] [Via-Mappingloader-3/INFO]: [ViaBackwards] Loading 1.16.2 -> 1.16 mappings...
[15:19:08] [Via-Mappingloader-5/INFO]: [ViaBackwards] Loading 1.17 -> 1.16.2 mappings...
[15:19:08] [Via-Mappingloader-5/INFO]: [ViaBackwards] Loading 1.18 -> 1.17 mappings...
[15:19:08] [Server thread/INFO]: [ViaRewind] Loading ViaRewind v2.0.2
[15:19:08] [Server thread/INFO]: [LuckPerms] Loading LuckPerms v5.3.67
[15:19:08] [Via-Mappingloader-2/INFO]: [ViaBackwards] Loading 1.13 -> 1.12 mappings...
[15:19:08] [Server thread/INFO]: [VoidTeleport] Loading VoidTeleport v2.3.7
[15:19:08] [Server thread/INFO]: [QuickBoard] Loading QuickBoard v4.4.1
[15:19:08] [Server thread/INFO]: [Vault] Loading Vault v1.7.3-b131
[15:19:08] [Server thread/INFO]: [Essentials] Loading Essentials v2.15.0.1
[15:19:08] [Server thread/INFO]: [GadgetsMenu] Loading GadgetsMenu v4.5.4
[15:19:08] [Server thread/INFO]: [Citizens] Loading Citizens v2.0.28-SNAPSHOT (build 2410)
[15:19:08] [Server thread/INFO]: [BossShopPro] Loading BossShopPro v1.9.8
[15:19:08] [Server thread/INFO]: [EssentialsChat] Loading EssentialsChat v2.15.0.1
[15:19:08] [Server thread/INFO]: [DeluxeMenus] Loading DeluxeMenus v1.13.4-Release
[15:19:08] [Server thread/INFO]: [DeluxeMenus] NMS hook has been setup successfully!
[15:19:08] [Server thread/INFO]: [TAB] Loading TAB v3.0.1
[15:19:08] [Server thread/INFO]: [EssentialsSpawn] Loading EssentialsSpawn v2.15.0.1
[15:19:08] [Server thread/INFO]: [BedWars] Loading BedWars v0.2.22
[15:19:08] [Server thread/INFO]: [SBA] Loading SBA v1.5.6-dev45
[15:19:08] [Server thread/INFO]: [CrateReloaded] Loading CrateReloaded v2.0.24
[15:19:08] [Server thread/INFO]: Server permissions file permissions.yml is empty, ignoring it
[15:19:08] [Server thread/INFO]: [VoidWorld] Enabling VoidWorld v1.0
[15:19:08] [Server thread/INFO]: [ViaRewind] Enabling ViaRewind v2.0.2
[15:19:09] [Server thread/INFO]: [LuckPerms] Enabling LuckPerms v5.3.67
[15:19:09] [Server thread/INFO]:         __    
[15:19:09] [Server thread/INFO]:   |    |__)   LuckPerms v5.3.67
[15:19:09] [Server thread/INFO]:   |___ |      Running on Bukkit - Paper
[15:19:09] [Server thread/INFO]: 
[15:19:09] [Server thread/INFO]: [LuckPerms] Loading configuration...
[15:19:09] [Server thread/INFO]: [LuckPerms] Loading storage provider... [H2]
[15:19:09] [Server thread/INFO]: [LuckPerms] Loading internal permission managers...
[15:19:10] [Server thread/INFO]: [LuckPerms] Performing initial data load...
[15:19:10] [Server thread/INFO]: [LuckPerms] Successfully enabled. (took 1191ms)
[15:19:10] [Server thread/INFO]: [Vault] Enabling Vault v1.7.3-b131
[15:19:10] [Server thread/INFO]: [Vault] [Economy] Essentials Economy found: Waiting
[15:19:10] [Server thread/INFO]: [Vault] [Permission] SuperPermissions loaded as backup permission system.
[15:19:10] [Server thread/INFO]: [Vault] Enabled Version 1.7.3-b131
[15:19:10] [Server thread/INFO]: [LuckPerms] Registered Vault permission & chat hook.
[15:19:10] [Server thread/INFO]: **** Beginning UUID conversion, this may take A LONG time ****
[15:19:10] [Server thread/INFO]: Preparing level "bedwars_world"
[15:19:10] [Server thread/INFO]: -------- World Settings For [bedwars_world] --------
[15:19:10] [Server thread/INFO]: Cactus Growth Modifier: 100%
[15:19:10] [Server thread/INFO]: Cane Growth Modifier: 100%
[15:19:10] [Server thread/INFO]: Melon Growth Modifier: 100%
[15:19:10] [Server thread/INFO]: Mushroom Growth Modifier: 100%
[15:19:10] [Server thread/INFO]: Pumpkin Growth Modifier: 100%
[15:19:10] [Server thread/INFO]: Sapling Growth Modifier: 100%
[15:19:10] [Server thread/INFO]: Wheat Growth Modifier: 100%
[15:19:10] [Server thread/INFO]: NetherWart Growth Modifier: 100%
[15:19:10] [Server thread/INFO]: Vine Growth Modifier: 100%
[15:19:10] [Server thread/INFO]: Cocoa Growth Modifier: 100%
[15:19:10] [Server thread/INFO]: Entity Activation Range: An 32 / Mo 32 / Mi 16 / Tiv true
[15:19:10] [Server thread/INFO]: Entity Tracking Range: Pl 48 / An 48 / Mo 48 / Mi 32 / Other 64
[15:19:10] [Server thread/INFO]: Mob Spawn Range: 4
[15:19:10] [Server thread/INFO]: Hopper Transfer: 8 Hopper Check: 1 Hopper Amount: 1
[15:19:10] [Server thread/INFO]: Random Lighting Updates: false
[15:19:10] [Server thread/INFO]: Structure Info Saving: true
[15:19:10] [Server thread/INFO]: Custom Map Seeds:  Village: 10387312 Feature: 14357617 Monument: 10387313 Slime: 987234911
[15:19:10] [Server thread/INFO]: Max TNT Explosions: 100
[15:19:10] [Server thread/INFO]: Tile Max Tick Time: 50ms Entity max Tick Time: 50ms
[15:19:10] [Server thread/INFO]: Item Despawn Rate: 6000
[15:19:10] [Server thread/INFO]: Item Merge Radius: 2.5
[15:19:10] [Server thread/INFO]: View Distance: 10
[15:19:10] [Server thread/INFO]: Arrow Despawn Rate: 1200
[15:19:10] [Server thread/INFO]: Allow Zombie Pigmen to spawn from portal blocks: true
[15:19:10] [Server thread/INFO]: Experience Merge Radius: 3.0
[15:19:10] [Server thread/INFO]: Zombie Aggressive Towards Villager: true
[15:19:10] [Server thread/INFO]: Nerfing mobs spawned from spawners: false
[15:19:10] [Server thread/INFO]: Preparing start region for level 0 (Seed: 8151901858761583976)
[15:19:11] [Server thread/INFO]: [WorldEdit] Enabling WorldEdit v6.1.9;caf0ad9
[15:19:11] [Server thread/INFO]: WEPIF: Using the Bukkit Permissions API.
[15:19:11] [Server thread/INFO]: [WorldEdit] Using com.sk89q.worldedit.bukkit.adapter.impl.Spigot_v1_12_R2 as the Bukkit adapter
[15:19:11] [Server thread/INFO]: [PlaceholderAPI] Enabling PlaceholderAPI v2.10.10
[15:19:11] [Server thread/INFO]: [PlaceholderAPI] Fetching available expansion information...
[15:19:11] [Server thread/INFO]: [HolographicDisplays] Enabling HolographicDisplays v2.4.9
[15:19:11] [Server thread/INFO]: [LaggRemover] Enabling LaggRemover v2.0.6
[15:19:11] [Server thread/INFO]: 
[15:19:11] [Server thread/INFO]:     __                      ____                                         _    _____
[15:19:11] [Server thread/INFO]:    / /   ____ _____ _____ _/ __ \___  ____ ___  ____ _   _____  _____   | |  / /__ \
[15:19:11] [Server thread/INFO]:   / /   / __ `/ __ `/ __ `/ /_/ / _ \/ __ `__ \/ __ \ | / / _ \/ ___/   | | / /__/ /
[15:19:11] [Server thread/INFO]:  / /___/ /_/ / /_/ / /_/ / _, _/  __/ / / / / / /_/ / |/ /  __/ /       | |/ // __/
[15:19:11] [Server thread/INFO]: /_____/\__,_/\__, /\__, /_/ |_|\___/_/ /_/ /_/\____/|___/\___/_/        |___//____/
[15:19:11] [Server thread/INFO]:             /____//____/
[15:19:11] [Server thread/INFO]: 
[15:19:11] [Server thread/INFO]: [LaggRemover] Loaded 0 module(s)
[15:19:11] [Server thread/INFO]: [LaggRemover] The LaggRemover AI is now active!
[15:19:11] [Server thread/INFO]: [LaggRemover] LaggRemover has been enabled!
[15:19:11] [Server thread/INFO]: [Multiverse-Core] Enabling Multiverse-Core v2.5.0-b727
[15:19:12] [Server thread/INFO]: -------- World Settings For [Easter] --------
[15:19:12] [Server thread/INFO]: Cactus Growth Modifier: 100%
[15:19:12] [Server thread/INFO]: Cane Growth Modifier: 100%
[15:19:12] [Server thread/INFO]: Melon Growth Modifier: 100%
[15:19:12] [Server thread/INFO]: Mushroom Growth Modifier: 100%
[15:19:12] [Server thread/INFO]: Pumpkin Growth Modifier: 100%
[15:19:12] [Server thread/INFO]: Sapling Growth Modifier: 100%
[15:19:12] [Server thread/INFO]: Wheat Growth Modifier: 100%
[15:19:12] [Server thread/INFO]: NetherWart Growth Modifier: 100%
[15:19:12] [Server thread/INFO]: Vine Growth Modifier: 100%
[15:19:12] [Server thread/INFO]: Cocoa Growth Modifier: 100%
[15:19:12] [Server thread/INFO]: Entity Activation Range: An 32 / Mo 32 / Mi 16 / Tiv true
[15:19:12] [Server thread/INFO]: Entity Tracking Range: Pl 48 / An 48 / Mo 48 / Mi 32 / Other 64
[15:19:12] [Server thread/INFO]: Mob Spawn Range: 4
[15:19:12] [Server thread/INFO]: Hopper Transfer: 8 Hopper Check: 1 Hopper Amount: 1
[15:19:12] [Server thread/INFO]: Random Lighting Updates: false
[15:19:12] [Server thread/INFO]: Structure Info Saving: true
[15:19:12] [Server thread/INFO]: Custom Map Seeds:  Village: 10387312 Feature: 14357617 Monument: 10387313 Slime: 987234911
[15:19:12] [Server thread/INFO]: Max TNT Explosions: 100
[15:19:12] [Server thread/INFO]: Tile Max Tick Time: 50ms Entity max Tick Time: 50ms
[15:19:12] [Server thread/INFO]: Item Despawn Rate: 6000
[15:19:12] [Server thread/INFO]: Item Merge Radius: 2.5
[15:19:12] [Server thread/INFO]: View Distance: 10
[15:19:12] [Server thread/INFO]: Arrow Despawn Rate: 1200
[15:19:12] [Server thread/INFO]: Allow Zombie Pigmen to spawn from portal blocks: true
[15:19:12] [Server thread/INFO]: Experience Merge Radius: 3.0
[15:19:12] [Server thread/INFO]: Zombie Aggressive Towards Villager: true
[15:19:12] [Server thread/INFO]: Nerfing mobs spawned from spawners: false
[15:19:12] [Server thread/INFO]: Preparing start region for level 1 (Seed: 0)
[15:19:12] [Server thread/INFO]: -------- World Settings For [Glacier] --------
[15:19:12] [Server thread/INFO]: Cactus Growth Modifier: 100%
[15:19:12] [Server thread/INFO]: Cane Growth Modifier: 100%
[15:19:12] [Server thread/INFO]: Melon Growth Modifier: 100%
[15:19:12] [Server thread/INFO]: Mushroom Growth Modifier: 100%
[15:19:12] [Server thread/INFO]: Pumpkin Growth Modifier: 100%
[15:19:12] [Server thread/INFO]: Sapling Growth Modifier: 100%
[15:19:12] [Server thread/INFO]: Wheat Growth Modifier: 100%
[15:19:12] [Server thread/INFO]: NetherWart Growth Modifier: 100%
[15:19:12] [Server thread/INFO]: Vine Growth Modifier: 100%
[15:19:12] [Server thread/INFO]: Cocoa Growth Modifier: 100%
[15:19:12] [Server thread/INFO]: Entity Activation Range: An 32 / Mo 32 / Mi 16 / Tiv true
[15:19:12] [Server thread/INFO]: Entity Tracking Range: Pl 48 / An 48 / Mo 48 / Mi 32 / Other 64
[15:19:12] [Server thread/INFO]: Mob Spawn Range: 4
[15:19:12] [Server thread/INFO]: Hopper Transfer: 8 Hopper Check: 1 Hopper Amount: 1
[15:19:12] [Server thread/INFO]: Random Lighting Updates: false
[15:19:12] [Server thread/INFO]: Structure Info Saving: true
[15:19:12] [Server thread/INFO]: Custom Map Seeds:  Village: 10387312 Feature: 14357617 Monument: 10387313 Slime: 987234911
[15:19:12] [Server thread/INFO]: Max TNT Explosions: 100
[15:19:12] [Server thread/INFO]: Tile Max Tick Time: 50ms Entity max Tick Time: 50ms
[15:19:12] [Server thread/INFO]: Item Despawn Rate: 6000
[15:19:12] [Server thread/INFO]: Item Merge Radius: 2.5
[15:19:12] [Server thread/INFO]: View Distance: 10
[15:19:12] [Server thread/INFO]: Arrow Despawn Rate: 1200
[15:19:12] [Server thread/INFO]: Allow Zombie Pigmen to spawn from portal blocks: true
[15:19:12] [Server thread/INFO]: Experience Merge Radius: 3.0
[15:19:12] [Server thread/INFO]: Zombie Aggressive Towards Villager: true
[15:19:12] [Server thread/INFO]: Nerfing mobs spawned from spawners: false
[15:19:12] [Server thread/INFO]: Preparing start region for level 2 (Seed: 0)
[15:19:12] [Server thread/INFO]: -------- World Settings For [Hollow] --------
[15:19:12] [Server thread/INFO]: Cactus Growth Modifier: 100%
[15:19:12] [Server thread/INFO]: Cane Growth Modifier: 100%
[15:19:12] [Server thread/INFO]: Melon Growth Modifier: 100%
[15:19:12] [Server thread/INFO]: Mushroom Growth Modifier: 100%
[15:19:12] [Server thread/INFO]: Pumpkin Growth Modifier: 100%
[15:19:12] [Server thread/INFO]: Sapling Growth Modifier: 100%
[15:19:12] [Server thread/INFO]: Wheat Growth Modifier: 100%
[15:19:12] [Server thread/INFO]: NetherWart Growth Modifier: 100%
[15:19:12] [Server thread/INFO]: Vine Growth Modifier: 100%
[15:19:12] [Server thread/INFO]: Cocoa Growth Modifier: 100%
[15:19:12] [Server thread/INFO]: Entity Activation Range: An 32 / Mo 32 / Mi 16 / Tiv true
[15:19:12] [Server thread/INFO]: Entity Tracking Range: Pl 48 / An 48 / Mo 48 / Mi 32 / Other 64
[15:19:12] [Server thread/INFO]: Mob Spawn Range: 4
[15:19:12] [Server thread/INFO]: Hopper Transfer: 8 Hopper Check: 1 Hopper Amount: 1
[15:19:12] [Server thread/INFO]: Random Lighting Updates: false
[15:19:12] [Server thread/INFO]: Structure Info Saving: true
[15:19:12] [Server thread/INFO]: Custom Map Seeds:  Village: 10387312 Feature: 14357617 Monument: 10387313 Slime: 987234911
[15:19:12] [Server thread/INFO]: Max TNT Explosions: 100
[15:19:12] [Server thread/INFO]: Tile Max Tick Time: 50ms Entity max Tick Time: 50ms
[15:19:12] [Server thread/INFO]: Item Despawn Rate: 6000
[15:19:12] [Server thread/INFO]: Item Merge Radius: 2.5
[15:19:12] [Server thread/INFO]: View Distance: 10
[15:19:12] [Server thread/INFO]: Arrow Despawn Rate: 1200
[15:19:12] [Server thread/INFO]: Allow Zombie Pigmen to spawn from portal blocks: true
[15:19:12] [Server thread/INFO]: Experience Merge Radius: 3.0
[15:19:12] [Server thread/INFO]: Zombie Aggressive Towards Villager: true
[15:19:12] [Server thread/INFO]: Nerfing mobs spawned from spawners: false
[15:19:12] [Server thread/INFO]: Preparing start region for level 3 (Seed: 0)
[15:19:12] [Server thread/INFO]: Could not set generator for world 'Crogorm': Plugin 'CleanRoomGenerator' does not exist
[15:19:12] [Server thread/INFO]: -------- World Settings For [Crogorm] --------
[15:19:12] [Server thread/INFO]: Cactus Growth Modifier: 100%
[15:19:12] [Server thread/INFO]: Cane Growth Modifier: 100%
[15:19:12] [Server thread/INFO]: Melon Growth Modifier: 100%
[15:19:12] [Server thread/INFO]: Mushroom Growth Modifier: 100%
[15:19:12] [Server thread/INFO]: Pumpkin Growth Modifier: 100%
[15:19:12] [Server thread/INFO]: Sapling Growth Modifier: 100%
[15:19:12] [Server thread/INFO]: Wheat Growth Modifier: 100%
[15:19:12] [Server thread/INFO]: NetherWart Growth Modifier: 100%
[15:19:12] [Server thread/INFO]: Vine Growth Modifier: 100%
[15:19:12] [Server thread/INFO]: Cocoa Growth Modifier: 100%
[15:19:12] [Server thread/INFO]: Entity Activation Range: An 32 / Mo 32 / Mi 16 / Tiv true
[15:19:12] [Server thread/INFO]: Entity Tracking Range: Pl 48 / An 48 / Mo 48 / Mi 32 / Other 64
[15:19:12] [Server thread/INFO]: Mob Spawn Range: 4
[15:19:12] [Server thread/INFO]: Hopper Transfer: 8 Hopper Check: 1 Hopper Amount: 1
[15:19:12] [Server thread/INFO]: Random Lighting Updates: false
[15:19:12] [Server thread/INFO]: Structure Info Saving: true
[15:19:12] [Server thread/INFO]: Custom Map Seeds:  Village: 10387312 Feature: 14357617 Monument: 10387313 Slime: 987234911
[15:19:12] [Server thread/INFO]: Max TNT Explosions: 100
[15:19:12] [Server thread/INFO]: Tile Max Tick Time: 50ms Entity max Tick Time: 50ms
[15:19:12] [Server thread/INFO]: Item Despawn Rate: 6000
[15:19:12] [Server thread/INFO]: Item Merge Radius: 2.5
[15:19:12] [Server thread/INFO]: View Distance: 10
[15:19:12] [Server thread/INFO]: Arrow Despawn Rate: 1200
[15:19:12] [Server thread/INFO]: Allow Zombie Pigmen to spawn from portal blocks: true
[15:19:12] [Server thread/INFO]: Experience Merge Radius: 3.0
[15:19:12] [Server thread/INFO]: Zombie Aggressive Towards Villager: true
[15:19:12] [Server thread/INFO]: Nerfing mobs spawned from spawners: false
[15:19:12] [Server thread/INFO]: Preparing start region for level 4 (Seed: 0)
[15:19:12] [Server thread/INFO]: Could not set generator for world 'Crogorm': Plugin 'CleanRoomGenerator' does not exist
[15:19:12] [Server thread/INFO]: Could not set generator for world 'Ashfire': Plugin 'CleanRoomGenerator' does not exist
[15:19:12] [Server thread/INFO]: -------- World Settings For [Ashfire] --------
[15:19:12] [Server thread/INFO]: Cactus Growth Modifier: 100%
[15:19:12] [Server thread/INFO]: Cane Growth Modifier: 100%
[15:19:12] [Server thread/INFO]: Melon Growth Modifier: 100%
[15:19:12] [Server thread/INFO]: Mushroom Growth Modifier: 100%
[15:19:12] [Server thread/INFO]: Pumpkin Growth Modifier: 100%
[15:19:12] [Server thread/INFO]: Sapling Growth Modifier: 100%
[15:19:12] [Server thread/INFO]: Wheat Growth Modifier: 100%
[15:19:12] [Server thread/INFO]: NetherWart Growth Modifier: 100%
[15:19:12] [Server thread/INFO]: Vine Growth Modifier: 100%
[15:19:12] [Server thread/INFO]: Cocoa Growth Modifier: 100%
[15:19:12] [Server thread/INFO]: Entity Activation Range: An 32 / Mo 32 / Mi 16 / Tiv true
[15:19:12] [Server thread/INFO]: Entity Tracking Range: Pl 48 / An 48 / Mo 48 / Mi 32 / Other 64
[15:19:12] [Server thread/INFO]: Mob Spawn Range: 4
[15:19:12] [Server thread/INFO]: Hopper Transfer: 8 Hopper Check: 1 Hopper Amount: 1
[15:19:12] [Server thread/INFO]: Random Lighting Updates: false
[15:19:12] [Server thread/INFO]: Structure Info Saving: true
[15:19:12] [Server thread/INFO]: Custom Map Seeds:  Village: 10387312 Feature: 14357617 Monument: 10387313 Slime: 987234911
[15:19:12] [Server thread/INFO]: Max TNT Explosions: 100
[15:19:12] [Server thread/INFO]: Tile Max Tick Time: 50ms Entity max Tick Time: 50ms
[15:19:12] [Server thread/INFO]: Item Despawn Rate: 6000
[15:19:12] [Server thread/INFO]: Item Merge Radius: 2.5
[15:19:12] [Server thread/INFO]: View Distance: 10
[15:19:12] [Server thread/INFO]: Arrow Despawn Rate: 1200
[15:19:12] [Server thread/INFO]: Allow Zombie Pigmen to spawn from portal blocks: true
[15:19:12] [Server thread/INFO]: Experience Merge Radius: 3.0
[15:19:12] [Server thread/INFO]: Zombie Aggressive Towards Villager: true
[15:19:12] [Server thread/INFO]: Nerfing mobs spawned from spawners: false
[15:19:12] [Server thread/INFO]: Preparing start region for level 5 (Seed: 0)
[15:19:12] [Server thread/INFO]: Could not set generator for world 'Ashfire': Plugin 'CleanRoomGenerator' does not exist
[15:19:12] [Server thread/INFO]: -------- World Settings For [Dragonstar] --------
[15:19:12] [Server thread/INFO]: Cactus Growth Modifier: 100%
[15:19:12] [Server thread/INFO]: Cane Growth Modifier: 100%
[15:19:12] [Server thread/INFO]: Melon Growth Modifier: 100%
[15:19:12] [Server thread/INFO]: Mushroom Growth Modifier: 100%
[15:19:12] [Server thread/INFO]: Pumpkin Growth Modifier: 100%
[15:19:12] [Server thread/INFO]: Sapling Growth Modifier: 100%
[15:19:12] [Server thread/INFO]: Wheat Growth Modifier: 100%
[15:19:12] [Server thread/INFO]: NetherWart Growth Modifier: 100%
[15:19:12] [Server thread/INFO]: Vine Growth Modifier: 100%
[15:19:12] [Server thread/INFO]: Cocoa Growth Modifier: 100%
[15:19:12] [Server thread/INFO]: Entity Activation Range: An 32 / Mo 32 / Mi 16 / Tiv true
[15:19:12] [Server thread/INFO]: Entity Tracking Range: Pl 48 / An 48 / Mo 48 / Mi 32 / Other 64
[15:19:12] [Server thread/INFO]: Mob Spawn Range: 4
[15:19:12] [Server thread/INFO]: Hopper Transfer: 8 Hopper Check: 1 Hopper Amount: 1
[15:19:12] [Server thread/INFO]: Random Lighting Updates: false
[15:19:12] [Server thread/INFO]: Structure Info Saving: true
[15:19:12] [Server thread/INFO]: Custom Map Seeds:  Village: 10387312 Feature: 14357617 Monument: 10387313 Slime: 987234911
[15:19:12] [Server thread/INFO]: Max TNT Explosions: 100
[15:19:12] [Server thread/INFO]: Tile Max Tick Time: 50ms Entity max Tick Time: 50ms
[15:19:12] [Server thread/INFO]: Item Despawn Rate: 6000
[15:19:12] [Server thread/INFO]: Item Merge Radius: 2.5
[15:19:12] [Server thread/INFO]: View Distance: 10
[15:19:12] [Server thread/INFO]: Arrow Despawn Rate: 1200
[15:19:12] [Server thread/INFO]: Allow Zombie Pigmen to spawn from portal blocks: true
[15:19:12] [Server thread/INFO]: Experience Merge Radius: 3.0
[15:19:12] [Server thread/INFO]: Zombie Aggressive Towards Villager: true
[15:19:12] [Server thread/INFO]: Nerfing mobs spawned from spawners: false
[15:19:12] [Server thread/INFO]: Preparing start region for level 6 (Seed: 0)
[15:19:12] [Server thread/INFO]: Could not set generator for world 'Airshow': Plugin 'CleanRoomGenerator' does not exist
[15:19:12] [Server thread/INFO]: -------- World Settings For [Airshow] --------
[15:19:12] [Server thread/INFO]: Cactus Growth Modifier: 100%
[15:19:12] [Server thread/INFO]: Cane Growth Modifier: 100%
[15:19:12] [Server thread/INFO]: Melon Growth Modifier: 100%
[15:19:12] [Server thread/INFO]: Mushroom Growth Modifier: 100%
[15:19:12] [Server thread/INFO]: Pumpkin Growth Modifier: 100%
[15:19:12] [Server thread/INFO]: Sapling Growth Modifier: 100%
[15:19:12] [Server thread/INFO]: Wheat Growth Modifier: 100%
[15:19:12] [Server thread/INFO]: NetherWart Growth Modifier: 100%
[15:19:12] [Server thread/INFO]: Vine Growth Modifier: 100%
[15:19:12] [Server thread/INFO]: Cocoa Growth Modifier: 100%
[15:19:12] [Server thread/INFO]: Entity Activation Range: An 32 / Mo 32 / Mi 16 / Tiv true
[15:19:12] [Server thread/INFO]: Entity Tracking Range: Pl 48 / An 48 / Mo 48 / Mi 32 / Other 64
[15:19:12] [Server thread/INFO]: Mob Spawn Range: 4
[15:19:12] [Server thread/INFO]: Hopper Transfer: 8 Hopper Check: 1 Hopper Amount: 1
[15:19:12] [Server thread/INFO]: Random Lighting Updates: false
[15:19:12] [Server thread/INFO]: Structure Info Saving: true
[15:19:12] [Server thread/INFO]: Custom Map Seeds:  Village: 10387312 Feature: 14357617 Monument: 10387313 Slime: 987234911
[15:19:12] [Server thread/INFO]: Max TNT Explosions: 100
[15:19:12] [Server thread/INFO]: Tile Max Tick Time: 50ms Entity max Tick Time: 50ms
[15:19:12] [Server thread/INFO]: Item Despawn Rate: 6000
[15:19:12] [Server thread/INFO]: Item Merge Radius: 2.5
[15:19:12] [Server thread/INFO]: View Distance: 10
[15:19:12] [Server thread/INFO]: Arrow Despawn Rate: 1200
[15:19:12] [Server thread/INFO]: Allow Zombie Pigmen to spawn from portal blocks: true
[15:19:12] [Server thread/INFO]: Experience Merge Radius: 3.0
[15:19:12] [Server thread/INFO]: Zombie Aggressive Towards Villager: true
[15:19:12] [Server thread/INFO]: Nerfing mobs spawned from spawners: false
[15:19:12] [Server thread/INFO]: Preparing start region for level 7 (Seed: 0)
[15:19:12] [Server thread/INFO]: Could not set generator for world 'Airshow': Plugin 'CleanRoomGenerator' does not exist
[15:19:12] [Server thread/INFO]: -------- World Settings For [Lighthouse] --------
[15:19:12] [Server thread/INFO]: Cactus Growth Modifier: 100%
[15:19:12] [Server thread/INFO]: Cane Growth Modifier: 100%
[15:19:12] [Server thread/INFO]: Melon Growth Modifier: 100%
[15:19:12] [Server thread/INFO]: Mushroom Growth Modifier: 100%
[15:19:12] [Server thread/INFO]: Pumpkin Growth Modifier: 100%
[15:19:12] [Server thread/INFO]: Sapling Growth Modifier: 100%
[15:19:12] [Server thread/INFO]: Wheat Growth Modifier: 100%
[15:19:12] [Server thread/INFO]: NetherWart Growth Modifier: 100%
[15:19:12] [Server thread/INFO]: Vine Growth Modifier: 100%
[15:19:12] [Server thread/INFO]: Cocoa Growth Modifier: 100%
[15:19:12] [Server thread/INFO]: Entity Activation Range: An 32 / Mo 32 / Mi 16 / Tiv true
[15:19:12] [Server thread/INFO]: Entity Tracking Range: Pl 48 / An 48 / Mo 48 / Mi 32 / Other 64
[15:19:12] [Server thread/INFO]: Mob Spawn Range: 4
[15:19:12] [Server thread/INFO]: Hopper Transfer: 8 Hopper Check: 1 Hopper Amount: 1
[15:19:12] [Server thread/INFO]: Random Lighting Updates: false
[15:19:12] [Server thread/INFO]: Structure Info Saving: true
[15:19:12] [Server thread/INFO]: Custom Map Seeds:  Village: 10387312 Feature: 14357617 Monument: 10387313 Slime: 987234911
[15:19:12] [Server thread/INFO]: Max TNT Explosions: 100
[15:19:12] [Server thread/INFO]: Tile Max Tick Time: 50ms Entity max Tick Time: 50ms
[15:19:12] [Server thread/INFO]: Item Despawn Rate: 6000
[15:19:12] [Server thread/INFO]: Item Merge Radius: 2.5
[15:19:12] [Server thread/INFO]: View Distance: 10
[15:19:12] [Server thread/INFO]: Arrow Despawn Rate: 1200
[15:19:12] [Server thread/INFO]: Allow Zombie Pigmen to spawn from portal blocks: true
[15:19:12] [Server thread/INFO]: Experience Merge Radius: 3.0
[15:19:12] [Server thread/INFO]: Zombie Aggressive Towards Villager: true
[15:19:12] [Server thread/INFO]: Nerfing mobs spawned from spawners: false
[15:19:12] [Server thread/INFO]: Preparing start region for level 8 (Seed: 0)
[15:19:12] [Server thread/INFO]: Could not set generator for world 'Amazon': Plugin 'CleanRoommGenerator' does not exist
[15:19:12] [Server thread/INFO]: -------- World Settings For [Amazon] --------
[15:19:12] [Server thread/INFO]: Cactus Growth Modifier: 100%
[15:19:12] [Server thread/INFO]: Cane Growth Modifier: 100%
[15:19:12] [Server thread/INFO]: Melon Growth Modifier: 100%
[15:19:12] [Server thread/INFO]: Mushroom Growth Modifier: 100%
[15:19:12] [Server thread/INFO]: Pumpkin Growth Modifier: 100%
[15:19:12] [Server thread/INFO]: Sapling Growth Modifier: 100%
[15:19:12] [Server thread/INFO]: Wheat Growth Modifier: 100%
[15:19:12] [Server thread/INFO]: NetherWart Growth Modifier: 100%
[15:19:12] [Server thread/INFO]: Vine Growth Modifier: 100%
[15:19:12] [Server thread/INFO]: Cocoa Growth Modifier: 100%
[15:19:12] [Server thread/INFO]: Entity Activation Range: An 32 / Mo 32 / Mi 16 / Tiv true
[15:19:12] [Server thread/INFO]: Entity Tracking Range: Pl 48 / An 48 / Mo 48 / Mi 32 / Other 64
[15:19:12] [Server thread/INFO]: Mob Spawn Range: 4
[15:19:12] [Server thread/INFO]: Hopper Transfer: 8 Hopper Check: 1 Hopper Amount: 1
[15:19:12] [Server thread/INFO]: Random Lighting Updates: false
[15:19:12] [Server thread/INFO]: Structure Info Saving: true
[15:19:12] [Server thread/INFO]: Custom Map Seeds:  Village: 10387312 Feature: 14357617 Monument: 10387313 Slime: 987234911
[15:19:12] [Server thread/INFO]: Max TNT Explosions: 100
[15:19:12] [Server thread/INFO]: Tile Max Tick Time: 50ms Entity max Tick Time: 50ms
[15:19:12] [Server thread/INFO]: Item Despawn Rate: 6000
[15:19:12] [Server thread/INFO]: Item Merge Radius: 2.5
[15:19:12] [Server thread/INFO]: View Distance: 10
[15:19:12] [Server thread/INFO]: Arrow Despawn Rate: 1200
[15:19:12] [Server thread/INFO]: Allow Zombie Pigmen to spawn from portal blocks: true
[15:19:12] [Server thread/INFO]: Experience Merge Radius: 3.0
[15:19:12] [Server thread/INFO]: Zombie Aggressive Towards Villager: true
[15:19:12] [Server thread/INFO]: Nerfing mobs spawned from spawners: false
[15:19:12] [Server thread/INFO]: Preparing start region for level 9 (Seed: 0)
[15:19:12] [Server thread/INFO]: Could not set generator for world 'Amazon': Plugin 'CleanRoommGenerator' does not exist
[15:19:12] [Server thread/INFO]: [Multiverse-Core] 10 - World(s) loaded.
[15:19:12] [Server thread/INFO]: [Multiverse-Core] Version 2.5.0-b727 (API v20) Enabled - By Rigby, fernferret, lithium3141, main-- and dumptruckman
[15:19:12] [Server thread/INFO]: [WorldGuard] Enabling WorldGuard v6.2.2-SNAPSHOT;8eeab68
[15:19:12] [Server thread/INFO]: [WorldGuard] (bedwars_world) TNT ignition is PERMITTED.
[15:19:12] [Server thread/INFO]: [WorldGuard] (bedwars_world) Lighters are PERMITTED.
[15:19:12] [Server thread/INFO]: [WorldGuard] (bedwars_world) Lava fire is blocked.
[15:19:12] [Server thread/INFO]: [WorldGuard] (bedwars_world) Fire spread is UNRESTRICTED.
[15:19:12] [Server thread/INFO]: [WorldGuard] Loaded configuration for world 'bedwars_world'
[15:19:12] [Server thread/INFO]: [WorldGuard] (Easter) TNT ignition is PERMITTED.
[15:19:12] [Server thread/INFO]: [WorldGuard] (Easter) Lighters are PERMITTED.
[15:19:12] [Server thread/INFO]: [WorldGuard] (Easter) Lava fire is blocked.
[15:19:12] [Server thread/INFO]: [WorldGuard] (Easter) Fire spread is UNRESTRICTED.
[15:19:12] [Server thread/INFO]: [WorldGuard] Loaded configuration for world 'Easter'
[15:19:12] [Server thread/INFO]: [WorldGuard] (Glacier) TNT ignition is PERMITTED.
[15:19:12] [Server thread/INFO]: [WorldGuard] (Glacier) Lighters are PERMITTED.
[15:19:12] [Server thread/INFO]: [WorldGuard] (Glacier) Lava fire is blocked.
[15:19:12] [Server thread/INFO]: [WorldGuard] (Glacier) Fire spread is UNRESTRICTED.
[15:19:12] [Server thread/INFO]: [WorldGuard] Loaded configuration for world 'Glacier'
[15:19:12] [Server thread/INFO]: [WorldGuard] (Hollow) TNT ignition is PERMITTED.
[15:19:12] [Server thread/INFO]: [WorldGuard] (Hollow) Lighters are PERMITTED.
[15:19:12] [Server thread/INFO]: [WorldGuard] (Hollow) Lava fire is blocked.
[15:19:12] [Server thread/INFO]: [WorldGuard] (Hollow) Fire spread is UNRESTRICTED.
[15:19:12] [Server thread/INFO]: [WorldGuard] Loaded configuration for world 'Hollow'
[15:19:12] [Server thread/INFO]: [WorldGuard] (Crogorm) TNT ignition is PERMITTED.
[15:19:12] [Server thread/INFO]: [WorldGuard] (Crogorm) Lighters are PERMITTED.
[15:19:12] [Server thread/INFO]: [WorldGuard] (Crogorm) Lava fire is blocked.
[15:19:12] [Server thread/INFO]: [WorldGuard] (Crogorm) Fire spread is UNRESTRICTED.
[15:19:12] [Server thread/INFO]: [WorldGuard] Loaded configuration for world 'Crogorm'
[15:19:12] [Server thread/INFO]: [WorldGuard] (Ashfire) TNT ignition is PERMITTED.
[15:19:12] [Server thread/INFO]: [WorldGuard] (Ashfire) Lighters are PERMITTED.
[15:19:12] [Server thread/INFO]: [WorldGuard] (Ashfire) Lava fire is blocked.
[15:19:12] [Server thread/INFO]: [WorldGuard] (Ashfire) Fire spread is UNRESTRICTED.
[15:19:12] [Server thread/INFO]: [WorldGuard] Loaded configuration for world 'Ashfire'
[15:19:12] [Server thread/INFO]: [WorldGuard] (Dragonstar) TNT ignition is PERMITTED.
[15:19:12] [Server thread/INFO]: [WorldGuard] (Dragonstar) Lighters are PERMITTED.
[15:19:12] [Server thread/INFO]: [WorldGuard] (Dragonstar) Lava fire is blocked.
[15:19:12] [Server thread/INFO]: [WorldGuard] (Dragonstar) Fire spread is UNRESTRICTED.
[15:19:12] [Server thread/INFO]: [WorldGuard] Loaded configuration for world 'Dragonstar'
[15:19:12] [Server thread/INFO]: [WorldGuard] (Airshow) TNT ignition is PERMITTED.
[15:19:12] [Server thread/INFO]: [WorldGuard] (Airshow) Lighters are PERMITTED.
[15:19:12] [Server thread/INFO]: [WorldGuard] (Airshow) Lava fire is blocked.
[15:19:12] [Server thread/INFO]: [WorldGuard] (Airshow) Fire spread is UNRESTRICTED.
[15:19:12] [Server thread/INFO]: [WorldGuard] Loaded configuration for world 'Airshow'
[15:19:12] [Server thread/INFO]: [WorldGuard] (Lighthouse) TNT ignition is PERMITTED.
[15:19:12] [Server thread/INFO]: [WorldGuard] (Lighthouse) Lighters are PERMITTED.
[15:19:12] [Server thread/INFO]: [WorldGuard] (Lighthouse) Lava fire is blocked.
[15:19:12] [Server thread/INFO]: [WorldGuard] (Lighthouse) Fire spread is UNRESTRICTED.
[15:19:12] [Server thread/INFO]: [WorldGuard] Loaded configuration for world 'Lighthouse'
[15:19:12] [Server thread/INFO]: [WorldGuard] (Amazon) TNT ignition is PERMITTED.
[15:19:12] [Server thread/INFO]: [WorldGuard] (Amazon) Lighters are PERMITTED.
[15:19:12] [Server thread/INFO]: [WorldGuard] (Amazon) Lava fire is blocked.
[15:19:12] [Server thread/INFO]: [WorldGuard] (Amazon) Fire spread is UNRESTRICTED.
[15:19:12] [Server thread/INFO]: [WorldGuard] Loaded configuration for world 'Amazon'
[15:19:12] [Server thread/INFO]: [WorldGuard] Loading region data...
[15:19:13] [Server thread/INFO]: [AdvancedPortals] Enabling AdvancedPortals v0.0.41
[15:19:13] [Server thread/INFO]: [AdvancedPortals] Bukkit version detected v1_12_R1
[15:19:13] [Server thread/INFO]: [AdvancedPortals] BLOCK_PORTAL_TRAVEL found
[15:19:13] [Server thread/INFO]: [AdvancedPortals] ENTITY_ENDERMEN_TELEPORT found
[15:19:13] [Server thread/INFO]: [AdvancedPortals] ENTITY_GENERIC_EXPLODE found
[15:19:13] [Server thread/INFO]: Advanced portals have been successfully enabled!
[15:19:13] [Server thread/INFO]: [OldCombatMechanics] Enabling OldCombatMechanics v1.10.0
[15:19:13] [Server thread/INFO]: [PlaceholderAPI] Successfully registered expansion: ocm
[15:19:13] [Server thread/INFO]: [OldCombatMechanics] OldCombatMechanics v1.10.0 has been enabled
[15:19:13] [Server thread/INFO]: [DeluxeTags] Enabling DeluxeTags v1.8.1
[15:19:13] [Server thread/INFO]: [DeluxeTags] 36 tags loaded
[15:19:13] [Server thread/INFO]: [DeluxeTags] Loading DeluxeTags messages.yml
[15:19:13] [Server thread/INFO]: [DeluxeTags] You are not using DeluxeChat!
[15:19:13] [Server thread/INFO]: [DeluxeTags] DeluxeTags will listen to the AsyncPlayerChatEvent to provide compatibility for some chat plugins.
[15:19:13] [Server thread/INFO]: ----------------------------
[15:19:13] [Server thread/INFO]:      DeluxeTags Updater
[15:19:13] [Server thread/INFO]:  
[15:19:13] [Server thread/INFO]: You are running 1.8.1
[15:19:13] [Server thread/INFO]: The latest version
[15:19:13] [Server thread/INFO]: of DeluxeTags!
[15:19:13] [Server thread/INFO]:  
[15:19:13] [Server thread/INFO]: ----------------------------
[15:19:13] [Server thread/INFO]: [ViaVersion] Enabling ViaVersion v4.1.1
[15:19:13] [Server thread/INFO]: [ServerListPlus] Enabling ServerListPlus v3.4.8
[15:19:13] [Server thread/ERROR]: [ServerListPlus] ProtocolLib IS NOT INSTALLED! Most features will NOT work!
[15:19:13] [Server thread/INFO]: [ServerListPlus] [Core] Reloading configuration...
[15:19:13] [Server thread/INFO]: [ServerListPlus] [Core] Loaded configuration: ServerStatusConf
[15:19:13] [Server thread/INFO]: [ServerListPlus] [Core] Loaded configuration: PluginConf
[15:19:13] [Server thread/ERROR]: [ServerListPlus] ProtocolLib IS NOT INSTALLED! Most features will NOT work!
[15:19:13] [Server thread/INFO]: [ServerListPlus] [Core] Reloading saved player identities...
[15:19:13] [Server thread/INFO]: [ServerListPlus] Successfully loaded!
[15:19:13] [Server thread/INFO]: [ServerListPlus] ServerListPlus v3.4.8 enabled.
[15:19:13] [Server thread/INFO]: [ViaBackwards] Enabling ViaBackwards v4.1.1
[15:19:13] [Server thread/INFO]: [VoidTeleport] Enabling VoidTeleport v2.3.7
[15:19:13] [Server thread/INFO]: 

                ===================================================
                                    VoidTeleport
                ===================================================

                              Current version: 2.3.7
                        You are running the latest version!

                ===================================================

[15:19:13] [Server thread/INFO]: [VoidTeleport] Developed by EndlessGames.
[15:19:13] [Server thread/INFO]: [QuickBoard] Enabling QuickBoard v4.4.1
[15:19:13] [Server thread/INFO]: [QuickBoard] ------------------------------
[15:19:13] [Server thread/INFO]: [QuickBoard]           QuickBoard          
[15:19:13] [Server thread/INFO]: [QuickBoard] Listeners registered
[15:19:13] [Server thread/INFO]: [QuickBoard] Loading scoreboards
[15:19:13] [Server thread/INFO]: [QuickBoard] Loaded 'scoreboard.default.yml' with permission 'scoreboard.default'
[15:19:13] [Server thread/INFO]: [QuickBoard] Scoreboards loaded
[15:19:13] [Server thread/INFO]: [QuickBoard] Config registered
[15:19:13] [Server thread/INFO]: [QuickBoard] Update Tasks started
[15:19:13] [Server thread/INFO]: [QuickBoard] Command 'quickboard' enabled
[15:19:13] [Server thread/INFO]: [QuickBoard]           QuickBoard          
[15:19:13] [Server thread/INFO]: [QuickBoard] ------------------------------
[15:19:13] [Server thread/INFO]: [Essentials] Enabling Essentials v2.15.0.1
[15:19:13] [Server thread/INFO]: [Essentials] Attempting to convert old kits in config.yml to new kits.yml
[15:19:13] [Server thread/INFO]: [Essentials] No kits found to migrate.
[15:19:13] [Server thread/INFO]: [Essentials] Using 1.8.3+ BlockStateMeta provider as mob spawner provider.
[15:19:13] [Server thread/INFO]: [Essentials] Using Reflection based provider as spawn egg provider.
[15:19:13] [Server thread/INFO]: [Essentials] Using 1.9+ BasePotionData provider as potion meta provider.
[15:19:13] [Server thread/INFO]: [Essentials] Using locale en_US
[15:19:13] [Server thread/INFO]: [Essentials] Using Spigot 1.7.10+ ServerListPingEvent iterator
[15:19:13] [Server thread/INFO]: [Essentials] Starting Metrics. Opt-out using the global bStats config.
[15:19:13] [Server thread/INFO]: [Vault] [Economy] Essentials Economy hooked.
[15:19:13] [Server thread/INFO]: [Essentials] Using Vault based permissions (LuckPerms)
[15:19:13] [Server thread/INFO]: [GadgetsMenu] Enabling GadgetsMenu v4.5.4
[15:19:13] [Server thread/INFO]: [GadgetsMenu] ------------------------------------------------------
[15:19:13] [Server thread/INFO]: [GadgetsMenu]         GadgetsMenu [Free] 4.5.4 is loading...
[15:19:13] [Server thread/INFO]: [GadgetsMenu]         [server: git-Paper-1618 (MC: 1.12.2)]
[15:19:13] [Server thread/INFO]: [GadgetsMenu]                  Running Java 11.0.13
[15:19:13] [Server thread/INFO]: [GadgetsMenu]                Plugin by Yap Zhen Yie.
[15:19:13] [Server thread/INFO]: [GadgetsMenu]             Date Modified: 3 October 2021
[15:19:13] [Server thread/INFO]: [GadgetsMenu]                            
[15:19:13] [Server thread/INFO]: [GadgetsMenu]              Initializing module v1_12_R1
[15:19:13] [Server thread/INFO]: [GadgetsMenu] ------------------------------------------------------
[15:19:14] [Server thread/INFO]: [GadgetsMenu] Connecting to SQLite database...
[15:19:14] [Server thread/INFO]: [GadgetsMenu] Successfully connected to SQLite database!
[15:19:14] [Server thread/INFO]: [PlaceholderAPI] Successfully registered expansion: gadgetsmenu
[15:19:14] [Server thread/INFO]: [GadgetsMenu] [Placeholder] PlaceholderAPI hooked.
[15:19:14] [Server thread/INFO]: [Citizens] Enabling Citizens v2.0.28-SNAPSHOT (build 2410)
[15:19:14] [Server thread/INFO]: [BossShopPro] Enabling BossShopPro v1.9.8
[15:19:14] [Server thread/INFO]: [BossShopPro] Loading data...
[15:19:14] [Server thread/INFO]: [BossShopPro] Hooked into PlaceholderAPI.
[15:19:14] [Server thread/INFO]: [EssentialsChat] Enabling EssentialsChat v2.15.0.1
[15:19:14] [Server thread/INFO]: [DeluxeMenus] Enabling DeluxeMenus v1.13.4-Release
[15:19:14] [Server thread/INFO]: [DeluxeMenus] Successfully hooked into PlaceholderAPI!
[15:19:14] [Server thread/WARN]: [DeluxeMenus] Material for item: example in menu: advanced_menu is not a valid material name / id!
[15:19:14] [Server thread/WARN]: [DeluxeMenus] Skipping item: example
[15:19:14] [Server thread/WARN]: [DeluxeMenus] Material for item: examplecd in menu: advanced_menu is not a valid material name / id!
[15:19:14] [Server thread/WARN]: [DeluxeMenus] Skipping item: examplecd
[15:19:14] [Server thread/WARN]: [DeluxeMenus] Material for item: examplenoperm in menu: advanced_menu is not a valid material name / id!
[15:19:14] [Server thread/WARN]: [DeluxeMenus] Skipping item: examplenoperm
[15:19:14] [Server thread/WARN]: [DeluxeMenus] Material for item: filler_item in menu: advanced_menu is not a valid material name / id!
[15:19:14] [Server thread/WARN]: [DeluxeMenus] Skipping item: filler_item
[15:19:14] [Server thread/INFO]: [DeluxeMenus] 3 GUI menus loaded!
[15:19:14] [Server thread/INFO]: [DeluxeMenus] You are running the latest version of DeluxeMenus!
[15:19:14] [Server thread/INFO]: [DeluxeMenus] Successfully hooked into Vault!
[15:19:14] [Server thread/INFO]: [PlaceholderAPI] Successfully registered expansion: deluxemenus
[15:19:14] [Server thread/INFO]: [TAB] Enabling TAB v3.0.1
[15:19:14] [Server thread/INFO]: [TAB] Server version: 1.12.2 (v1_12_R1)
[15:19:14] [Server thread/INFO]: [TAB] Loaded NMS hook in 11ms
[15:19:14] [Server thread/INFO]: [PlaceholderAPI] Successfully registered expansion: tab
[15:19:14] [Server thread/INFO]: [TAB] Enabled in 56ms
[15:19:14] [Server thread/INFO]: [EssentialsSpawn] Enabling EssentialsSpawn v2.15.0.1
[15:19:14] [Server thread/INFO]: [BedWars] Enabling BedWars v0.2.22
[15:19:14] [Server thread/INFO]: [BedWars] Successfully loaded messages for BedWars! Language: English
[15:19:14] [Server thread/INFO]: [BedWars] Loading statistics from YAML-File ...
[15:19:14] [Server thread/INFO]: [PlaceholderAPI] Successfully registered expansion: bedwars
[15:19:15] [Server thread/INFO]: =====================  by ScreamingSandals <Misat11, Iamceph, Pronze>
[15:19:15] [Server thread/INFO]: + Screaming BedWars +  Version: 0.2.22 FREE
[15:19:15] [Server thread/INFO]: =====================  STABLE VERSION
[15:19:15] [Server thread/INFO]: [BW] Found Vault
[15:19:15] [Server thread/INFO]: [BW] Arena Ashfire loaded!
[15:19:15] [Server thread/INFO]: [BW] Arena Easter loaded!
[15:19:15] [Server thread/INFO]: [BW] Arena Hollow loaded!
[15:19:15] [Server thread/INFO]: [BW] Arena Amazon loaded!
[15:19:15] [Server thread/INFO]: [BW] Arena Crogorm loaded!
[15:19:15] [Server thread/INFO]: [BW] Arena Glacier loaded!
[15:19:15] [Server thread/INFO]: [BW] Arena Airshow loaded!
[15:19:15] [Server thread/INFO]: [BW] Arena Dragonstar loaded!
[15:19:15] [Server thread/INFO]: [BW] Arena Lighthouse loaded!
[15:19:15] [Server thread/INFO]: Everything is loaded! If you like our work, consider visiting our Patreon! <3
[15:19:15] [Server thread/INFO]: https://www.patreon.com/screamingsandals
[15:19:15] [Server thread/INFO]: [SBA] Enabling SBA v1.5.6-dev45
[15:19:15] [Server thread/INFO]: [SBA] SBA initialized using Bedwars 0.2.22
[15:19:15] [Server thread/INFO]: [PlaceholderAPI] Successfully registered expansion: sba
[15:19:15] [Server thread/INFO]: [SBA] Plugin has finished loading!
[15:19:15] [Server thread/INFO]: [SBA] SBA Initialized on JAVA 11.0.13
[15:19:15] [Server thread/INFO]: [CrateReloaded] Enabling CrateReloaded v2.0.24
[15:19:15] [Server thread/INFO]: [CrateReloaded] Config Version: 2.X
[15:19:15] [Server thread/INFO]: [CrateReloaded] v1_12_R1
[15:19:15] [Server thread/WARN]: [CrateReloaded] Config is missing a key, hologram-plugin (Default Value: HolographicDisplays).
[15:19:15] [Server thread/INFO]: [CrateReloaded] Hologram Provider: HolographicDisplays
[15:19:15] [Server thread/INFO]: [CrateReloaded] Crate Configurations (1): crate.yml 
[15:19:15] [Server thread/WARN]: [CrateReloaded] Block.yml: Not able to find world, "thebridge_world". Queuing listener for world!
[15:19:15] [Thread-10/INFO]: [CrateReloaded] Plugin is out of date. Running: 2.0.24, Latest: 2.0.25.
[15:19:16] [Server thread/INFO]: Done (6.127s)! For help, type "help" or "?"
[15:19:16] [Server thread/INFO]: Timings Reset
[15:19:16] [Craft Scheduler Thread - 9/INFO]: [GadgetsMenu] Checking for updates...
[15:19:16] [Server thread/INFO]: [ViaVersion] ViaVersion detected server version: 1.12.2 (340)
[15:19:16] [Craft Scheduler Thread - 9/INFO]: [GadgetsMenu] You have an old version of the plugin. You are using 4.5.4, available version 4.6.0.
[15:19:16] [Server thread/WARN]: [ViaVersion] This version of Minecraft is extremely outdated and support for it has reached its end of life. You will still be able to run Via on this Minecraft version, but we are unlikely to provide any further fixes or help with problems specific to legacy Minecraft versions. Please consider updating to give your players a better experience and to avoid issues that have long been fixed.
[15:19:16] [Server thread/WARN]: [ViaVersion] You are running an outdated Java version, please consider updating it to at least Java 17 (your version is 11.0.13). At some point in the future, ViaVersion will no longer be compatible with this version of Java.
[15:19:16] [Server thread/INFO]: [PlaceholderAPI] Placeholder expansion registration initializing...
[15:19:16] [Server thread/ERROR]: [Citizens] The trait mirror failed to load for NPC ID: 7.
[15:19:17] [Server thread/INFO]: [Citizens] Loaded 4 NPCs.
[15:19:17] [Server thread/INFO]: [DeluxeTags] An update for DeluxeTags (v1.8.2) is available at:
[15:19:17] [Server thread/INFO]: [DeluxeTags] https://www.spigotmc.org/resources/deluxetags.4390/
[15:19:17] [Server thread/INFO]: [PlaceholderAPI] An update for PlaceholderAPI (v2.11.1) is available at:
[15:19:17] [Server thread/INFO]: [PlaceholderAPI] https://www.spigotmc.org/resources/placeholderapi.6245/
[15:19:17] [Server thread/INFO]: [ViaVersion] Finished mapping loading, shutting down loader executor!
[15:19:17] [Server thread/INFO]: [HolographicDisplays] Found a new version available: v3.0.0
[15:19:17] [Server thread/INFO]: [HolographicDisplays] Download it on Bukkit Dev:
[15:19:17] [Server thread/INFO]: [HolographicDisplays] dev.bukkit.org/projects/holographic-displays
[15:19:17] [Server thread/INFO]: [PlaceholderAPI] Successfully registered expansion: localtime
[15:19:17] [Server thread/INFO]: 1 placeholder hooks successfully registered!
[15:19:17] [Craft Scheduler Thread - 16/INFO]: [Vault] Checking for Updates ... 
[15:19:17] [Craft Scheduler Thread - 16/INFO]: [Vault] No new version available
[15:19:17] [Craft Scheduler Thread - 18/INFO]: [BossShopPro] Successfully hooked into Points plugin GadgetsMenu.
[15:19:17] [Craft Scheduler Thread - 18/INFO]: [BossShopPro] Loaded 1 Shops!
[15:19:17] [Craft Scheduler Thread - 18/INFO]: [BossShopPro] Vault found.
[15:19:54] [User Authenticator #1/INFO]: UUID of player AllanStrat is f0e7f028-4955-4dc8-8e40-d334ef0bd19a
[15:19:54] [Server thread/INFO]: AllanStrat[/201.220.139.181:56884] logged in with entity id 35 at ([bedwars_world]-96.41984494229257, 149.0, -106.88505412466357)
[15:19:54] [Server thread/WARN]: [Essentials] Permissions lag notice with (GenericVaultHandler). Response took 67.127502ms. Summary: Getting prefix for AllanStrat
[15:19:59] [Server thread/INFO]: [AdvancedPortals] Portal command: bw autojoin
[15:19:59] [Server thread/INFO]: AllanStrat issued server command: /bw autojoin
[15:20:09] [User Authenticator #1/INFO]: UUID of player AllanDev is bdc83502-6d75-4c26-a633-729e9ed81aee
[15:20:09] [Server thread/INFO]: AllanDev[/201.220.139.181:38959] logged in with entity id 83 at ([bedwars_world]-93.53170323052132, 148.0, -110.2290853395832)
[15:20:15] [Server thread/INFO]: [AdvancedPortals] Portal command: bw autojoin
[15:20:15] [Server thread/INFO]: AllanDev issued server command: /bw autojoin
[15:20:19] [Server thread/WARN]: AllanStrat moved too quickly! -7.3532906912458635,-95.0,-98.71594630698367
[15:20:19] [Server thread/WARN]: AllanDev moved too quickly! -72.82229535302784,-95.0,-33.44720022866864
[15:20:35] [Server thread/INFO]: AllanDev issued server command: /hub
[15:20:40] [Server thread/INFO]: AllanStrat issued server command: /tp AllanDev
[15:20:42] [Server thread/INFO]: CONSOLE issued server command: /eco give AllanStrat 50
[15:20:42] [Server thread/INFO]: $50 added to [Member] AllanStrat account. New balance: $1,100
[15:20:42] [Server thread/INFO]: CONSOLE issued server command: /tell AllanStrat &7[&4&lKILL&7] You've received &a50 &7CASH for the kill!
[15:20:42] [Server thread/INFO]: [me -> [Member] AllanStrat] [KILL] You've received 50 CASH for the kill!
[15:20:44] [Server thread/WARN]: [CrateReloaded] Config is missing a key, crate.item-frame (Default Value: false).
[15:20:45] [Server thread/INFO]: Unknown command. Type "/help" for help.
[15:20:45] [Server thread/INFO]: Unknown command. Type "/help" for help.
[15:20:51] [Server thread/INFO]: CONSOLE issued server command: /eco give AllanStrat 200
[15:20:51] [Server thread/INFO]: $200 added to [Member] AllanStrat account. New balance: $1,300
[15:20:51] [Server thread/INFO]: CONSOLE issued server command: /tell AllanStrat &7[&a&lWIN&7] You've received &a200 &7CASH for the win!
[15:20:51] [Server thread/INFO]: [me -> [Member] AllanStrat] [WIN] You've received 200 CASH for the win!
[15:20:52] [Server thread/INFO]: Unknown command. Type "/help" for help.
[15:20:52] [Server thread/INFO]: Unknown command. Type "/help" for help.
[15:20:55] [Server thread/INFO]: [AdvancedPortals] Portal command: bw autojoin
[15:20:55] [Server thread/INFO]: AllanStrat issued server command: /bw autojoin
[15:21:26] [Async Chat Thread - #0/INFO]:  [Member] AllanStrat: a
[15:22:49] [Server thread/INFO]: AllanDev issued server command: /party
[15:22:52] [Server thread/INFO]: AllanDev issued server command: /party create
[15:23:40] [Server thread/INFO]: AllanDev issued server command: /bw reload
[15:23:44] [Server thread/INFO]: AllanStrat issued server command: /bw reload
[15:23:45] [Server thread/INFO]: [BedWars] Disabling BedWars v0.2.22
[15:23:45] [Server thread/INFO]: [PlaceholderAPI] Unregistered placeholder expansion: bedwars
[15:23:45] [Server thread/INFO]: [BedWars] Enabling BedWars v0.2.22
[15:23:45] [Server thread/INFO]: [BedWars] Successfully loaded messages for BedWars! Language: English
[15:23:45] [Server thread/INFO]: [BedWars] Loading statistics from YAML-File ...
[15:23:45] [Server thread/INFO]: [PlaceholderAPI] Successfully registered expansion: bedwars
[15:23:45] [Server thread/INFO]: =====================  by ScreamingSandals <Misat11, Iamceph, Pronze>
[15:23:45] [Server thread/INFO]: + Screaming BedWars +  Version: 0.2.22 FREE
[15:23:45] [Server thread/INFO]: =====================  STABLE VERSION
[15:23:45] [Server thread/INFO]: [BW] Found Vault
[15:23:45] [Server thread/INFO]: [BW] Arena Ashfire loaded!
[15:23:45] [Server thread/INFO]: [BW] Arena Easter loaded!
[15:23:45] [Server thread/INFO]: [BW] Arena Hollow loaded!
[15:23:45] [Server thread/INFO]: [BW] Arena Amazon loaded!
[15:23:45] [Server thread/INFO]: [BW] Arena Crogorm loaded!
[15:23:45] [Server thread/INFO]: [BW] Arena Glacier loaded!
[15:23:45] [Server thread/INFO]: [BW] Arena Airshow loaded!
[15:23:45] [Server thread/INFO]: [BW] Arena Dragonstar loaded!
[15:23:45] [Server thread/INFO]: [BW] Arena Lighthouse loaded!
[15:23:45] [Server thread/INFO]: Everything is loaded! If you like our work, consider visiting our Patreon! <3
[15:23:45] [Server thread/INFO]: https://www.patreon.com/screamingsandals
[15:23:55] [Server thread/INFO]: [AdvancedPortals] Portal command: bw autojoin
[15:23:55] [Server thread/INFO]: AllanDev issued server command: /bw autojoin
[15:23:59] [Server thread/INFO]: [AdvancedPortals] Portal command: bw autojoin
[15:23:59] [Server thread/INFO]: AllanStrat issued server command: /bw autojoin
[15:24:17] [Server thread/INFO]: AllanStrat issued server command: /tp AllanDev
[15:24:19] [Server thread/INFO]: CONSOLE issued server command: /eco give AllanStrat 50
[15:24:19] [Server thread/INFO]: $50 added to [Member] AllanStrat account. New balance: $1,350
[15:24:19] [Server thread/INFO]: CONSOLE issued server command: /tell AllanStrat &7[&4&lBED DESTRUCTION&7] You've received &a50 &7CASH for the bed!
[15:24:19] [Server thread/INFO]: [me -> [Member] AllanStrat] [BED DESTRUCTION] You've received 50 CASH for the bed!
[15:24:24] [Server thread/INFO]: Unknown command. Type "/help" for help.
[15:24:24] [Server thread/INFO]: Unknown command. Type "/help" for help.
[15:24:29] [Server thread/INFO]: CONSOLE issued server command: /eco give AllanStrat 200
[15:24:29] [Server thread/INFO]: $200 added to [Member] AllanStrat account. New balance: $1,550
[15:24:29] [Server thread/INFO]: CONSOLE issued server command: /tell AllanStrat &7[&a&lWIN&7] You've received &a200 &7CASH for the win!
[15:24:29] [Server thread/INFO]: [me -> [Member] AllanStrat] [WIN] You've received 200 CASH for the win!
[15:24:30] [Server thread/INFO]: Unknown command. Type "/help" for help.
[15:24:30] [Server thread/INFO]: Unknown command. Type "/help" for help.
[15:25:14] [Server thread/INFO]: Saving...
[15:25:14] [Server thread/INFO]: Saved the world
[15:25:14] [Server thread/INFO]: Stopping the server
[15:25:14] [Server thread/INFO]: Stopping server
[15:25:14] [Server thread/INFO]: [CrateReloaded] Disabling CrateReloaded v2.0.24
[15:25:14] [Server thread/INFO]: [SBA] Disabling SBA v1.5.6-dev45
[15:25:14] [Server thread/INFO]: [BedWars] Disabling BedWars v0.2.22
[15:25:14] [Server thread/INFO]: [PlaceholderAPI] Unregistered placeholder expansion: bedwars
[15:25:14] [Server thread/INFO]: [EssentialsSpawn] Disabling EssentialsSpawn v2.15.0.1
[15:25:14] [Server thread/INFO]: [TAB] Disabling TAB v3.0.1
[15:25:14] [Server thread/INFO]: [TAB] Disabled in 2ms
[15:25:14] [Server thread/INFO]: [DeluxeMenus] Disabling DeluxeMenus v1.13.4-Release
[15:25:14] [Server thread/INFO]: [EssentialsChat] Disabling EssentialsChat v2.15.0.1
[15:25:14] [Server thread/INFO]: [BossShopPro] Disabling BossShopPro v1.9.8
[15:25:14] [Server thread/INFO]: [BossShopPro] Disabling... bye!
[15:25:14] [Server thread/INFO]: [Citizens] Disabling Citizens v2.0.28-SNAPSHOT (build 2410)
[15:25:14] [Server thread/INFO]: [GadgetsMenu] Disabling GadgetsMenu v4.5.4
[15:25:14] [Server thread/INFO]: [GadgetsMenu] SQLite database connection has been closed.
[15:25:14] [Server thread/INFO]: [Essentials] Disabling Essentials v2.15.0.1
[15:25:14] [Server thread/INFO]: [Vault] [Economy] Essentials Economy unhooked.
[15:25:14] [Server thread/INFO]: [Vault] Disabling Vault v1.7.3-b131
[15:25:14] [Server thread/INFO]: [QuickBoard] Disabling QuickBoard v4.4.1
[15:25:14] [Server thread/INFO]: [VoidTeleport] Disabling VoidTeleport v2.3.7
[15:25:14] [Server thread/INFO]: [LuckPerms] Disabling LuckPerms v5.3.67
[15:25:14] [Server thread/INFO]: [LuckPerms] Starting shutdown process...
[15:25:14] [Server thread/INFO]: [LuckPerms] Closing storage...
[15:25:14] [Server thread/INFO]: [LuckPerms] Goodbye!
[15:25:14] [Server thread/INFO]: [ViaRewind] Disabling ViaRewind v2.0.2
[15:25:14] [Server thread/INFO]: [ViaBackwards] Disabling ViaBackwards v4.1.1
[15:25:14] [Server thread/INFO]: [ServerListPlus] Disabling ServerListPlus v3.4.8
[15:25:14] [Server thread/INFO]: [ServerListPlus] ServerListPlus v3.4.8 disabled.
[15:25:14] [Server thread/INFO]: [ViaVersion] Disabling ViaVersion v4.1.1
[15:25:14] [Server thread/INFO]: [ViaVersion] ViaVersion is disabling, if this is a reload and you experience issues consider rebooting.
[15:25:14] [Server thread/INFO]: [DeluxeTags] Disabling DeluxeTags v1.8.1
[15:25:14] [Server thread/INFO]: [OldCombatMechanics] Disabling OldCombatMechanics v1.10.0
[15:25:14] [Server thread/INFO]: [OldCombatMechanics] OldCombatMechanics v1.10.0 has been disabled
[15:25:14] [Server thread/INFO]: [AdvancedPortals] Disabling AdvancedPortals v0.0.41
[15:25:14] [Server thread/INFO]: Advanced portals are being disabled!
[15:25:14] [Server thread/INFO]: [WorldGuard] Disabling WorldGuard v6.2.2-SNAPSHOT;8eeab68
[15:25:14] [Server thread/INFO]: [WorldGuard] Shutting down executor and waiting for any pending tasks...
[15:25:14] [Server thread/INFO]: [Multiverse-Core] Disabling Multiverse-Core v2.5.0-b727
[15:25:14] [Server thread/INFO]: [LaggRemover] Disabling LaggRemover v2.0.6
[15:25:14] [Server thread/INFO]: [LaggRemover] LaggRemover has been disabled!
[15:25:14] [Server thread/INFO]: [HolographicDisplays] Disabling HolographicDisplays v2.4.9
[15:25:14] [Server thread/INFO]: [PlaceholderAPI] Disabling PlaceholderAPI v2.10.10
[15:25:14] [Server thread/INFO]: [VoidWorld] Disabling VoidWorld v1.0
[15:25:14] [Server thread/INFO]: [WorldEdit] Disabling WorldEdit v6.1.9;caf0ad9
[15:25:14] [Server thread/INFO]: Saving players
[15:25:14] [Server thread/INFO]: AllanDev lost connection: Server closed
[15:25:14] [Server thread/INFO]: AllanDev left the game
[15:25:14] [Server thread/INFO]: AllanStrat lost connection: Server closed
[15:25:14] [Server thread/INFO]: AllanStrat left the game
[15:25:14] [Server thread/INFO]: Saving worlds
[15:25:14] [Server thread/INFO]: Saving chunks for level 'bedwars_world'/overworld
[15:25:14] [Server thread/INFO]: Saving chunks for level 'Easter'/overworld
[15:25:14] [Server thread/INFO]: Saving chunks for level 'Glacier'/overworld
[15:25:14] [Server thread/INFO]: Saving chunks for level 'Hollow'/overworld
[15:25:14] [Server thread/INFO]: Saving chunks for level 'Crogorm'/overworld
[15:25:14] [Server thread/INFO]: Saving chunks for level 'Ashfire'/overworld
[15:25:14] [Server thread/INFO]: Saving chunks for level 'Dragonstar'/overworld
[15:25:14] [Server thread/INFO]: Saving chunks for level 'Airshow'/overworld
[15:25:14] [Server thread/INFO]: Saving chunks for level 'Lighthouse'/overworld
[15:25:14] [Server thread/INFO]: Saving chunks for level 'Amazon'/overworld
